This file contains any messages produced by compilers while
running configure, to aid debugging if configure makes a mistake.

It was created by protlib-ka configure 0.0.0.5551, which was
generated by GNU Autoconf 2.65.  Invocation command line was

  $ ./configure --disable-option-checking --prefix=/usr/local --cache-file=/dev/null --srcdir=.

## --------- ##
## Platform. ##
## --------- ##

hostname = itajai
uname -m = x86_64
uname -r = 2.6.32-32-generic
uname -s = Linux
uname -v = #62-Ubuntu SMP Wed Apr 20 21:52:38 UTC 2011

/usr/bin/uname -p = unknown
/bin/uname -X     = unknown

/bin/arch              = unknown
/usr/bin/arch -k       = unknown
/usr/convex/getsysinfo = unknown
/usr/bin/hostinfo      = unknown
/bin/machine           = unknown
/usr/bin/oslevel       = unknown
/bin/universe          = unknown

PATH: /usr/local/sbin
PATH: /usr/local/bin
PATH: /usr/sbin
PATH: /usr/bin
PATH: /sbin
PATH: /bin
PATH: /usr/games
PATH: /home/allan/opt/omnetpp-4.1/bin


## ----------- ##
## Core tests. ##
## ----------- ##

configure:2680: checking for a BSD-compatible install
configure:2748: result: /usr/bin/install -c
configure:2759: checking whether build environment is sane
configure:2809: result: yes
configure:2950: checking for a thread-safe mkdir -p
configure:2989: result: /bin/mkdir -p
configure:3002: checking for gawk
configure:3018: found /usr/bin/gawk
configure:3029: result: gawk
configure:3040: checking whether make sets $(MAKE)
configure:3062: result: yes
configure:3219: checking for gcc
configure:3235: found /usr/bin/gcc
configure:3246: result: gcc
configure:3475: checking for C compiler version
configure:3484: gcc --version >&5
gcc (Ubuntu 4.4.3-4ubuntu5) 4.4.3
Copyright (C) 2009 Free Software Foundation, Inc.
This is free software; see the source for copying conditions.  There is NO
warranty; not even for MERCHANTABILITY or FITNESS FOR A PARTICULAR PURPOSE.

configure:3495: $? = 0
configure:3484: gcc -v >&5
Using built-in specs.
Target: x86_64-linux-gnu
Configured with: ../src/configure -v --with-pkgversion='Ubuntu 4.4.3-4ubuntu5' --with-bugurl=file:///usr/share/doc/gcc-4.4/README.Bugs --enable-languages=c,c++,fortran,objc,obj-c++ --prefix=/usr --enable-shared --enable-multiarch --enable-linker-build-id --with-system-zlib --libexecdir=/usr/lib --without-included-gettext --enable-threads=posix --with-gxx-include-dir=/usr/include/c++/4.4 --program-suffix=-4.4 --enable-nls --enable-clocale=gnu --enable-libstdcxx-debug --enable-plugin --enable-objc-gc --disable-werror --with-arch-32=i486 --with-tune=generic --enable-checking=release --build=x86_64-linux-gnu --host=x86_64-linux-gnu --target=x86_64-linux-gnu
Thread model: posix
gcc version 4.4.3 (Ubuntu 4.4.3-4ubuntu5) 
configure:3495: $? = 0
configure:3484: gcc -V >&5
gcc: '-V' option must have argument
configure:3495: $? = 1
configure:3484: gcc -qversion >&5
gcc: unrecognized option '-qversion'
gcc: no input files
configure:3495: $? = 1
configure:3515: checking whether the C compiler works
configure:3537: gcc    conftest.c  >&5
configure:3541: $? = 0
configure:3590: result: yes
configure:3593: checking for C compiler default output file name
configure:3595: result: a.out
configure:3601: checking for suffix of executables
configure:3608: gcc -o conftest    conftest.c  >&5
configure:3612: $? = 0
configure:3634: result: 
configure:3656: checking whether we are cross compiling
configure:3664: gcc -o conftest    conftest.c  >&5
configure:3668: $? = 0
configure:3675: ./conftest
configure:3679: $? = 0
configure:3694: result: no
configure:3699: checking for suffix of object files
configure:3721: gcc -c   conftest.c >&5
configure:3725: $? = 0
configure:3746: result: o
configure:3750: checking whether we are using the GNU C compiler
configure:3769: gcc -c   conftest.c >&5
configure:3769: $? = 0
configure:3778: result: yes
configure:3787: checking whether gcc accepts -g
configure:3807: gcc -c -g  conftest.c >&5
configure:3807: $? = 0
configure:3848: result: yes
configure:3865: checking for gcc option to accept ISO C89
configure:3929: gcc  -c -g -O2  conftest.c >&5
configure:3929: $? = 0
configure:3942: result: none needed
configure:3973: checking for style of include used by make
configure:4001: result: GNU
configure:4026: checking dependency style of gcc
configure:4136: result: gcc3
configure:4209: checking for g++
configure:4225: found /usr/bin/g++
configure:4236: result: g++
configure:4263: checking for C++ compiler version
configure:4272: g++ --version >&5
g++ (Ubuntu 4.4.3-4ubuntu5) 4.4.3
Copyright (C) 2009 Free Software Foundation, Inc.
This is free software; see the source for copying conditions.  There is NO
warranty; not even for MERCHANTABILITY or FITNESS FOR A PARTICULAR PURPOSE.

configure:4283: $? = 0
configure:4272: g++ -v >&5
Using built-in specs.
Target: x86_64-linux-gnu
Configured with: ../src/configure -v --with-pkgversion='Ubuntu 4.4.3-4ubuntu5' --with-bugurl=file:///usr/share/doc/gcc-4.4/README.Bugs --enable-languages=c,c++,fortran,objc,obj-c++ --prefix=/usr --enable-shared --enable-multiarch --enable-linker-build-id --with-system-zlib --libexecdir=/usr/lib --without-included-gettext --enable-threads=posix --with-gxx-include-dir=/usr/include/c++/4.4 --program-suffix=-4.4 --enable-nls --enable-clocale=gnu --enable-libstdcxx-debug --enable-plugin --enable-objc-gc --disable-werror --with-arch-32=i486 --with-tune=generic --enable-checking=release --build=x86_64-linux-gnu --host=x86_64-linux-gnu --target=x86_64-linux-gnu
Thread model: posix
gcc version 4.4.3 (Ubuntu 4.4.3-4ubuntu5) 
configure:4283: $? = 0
configure:4272: g++ -V >&5
g++: '-V' option must have argument
configure:4283: $? = 1
configure:4272: g++ -qversion >&5
g++: unrecognized option '-qversion'
g++: no input files
configure:4283: $? = 1
configure:4287: checking whether we are using the GNU C++ compiler
configure:4306: g++ -c   conftest.cpp >&5
configure:4306: $? = 0
configure:4315: result: yes
configure:4324: checking whether g++ accepts -g
configure:4344: g++ -c -g  conftest.cpp >&5
configure:4344: $? = 0
configure:4385: result: yes
configure:4410: checking dependency style of g++
configure:4520: result: gcc3
configure:4578: checking for ranlib
configure:4594: found /usr/bin/ranlib
configure:4605: result: ranlib
configure:4635: checking for SSL_CTX_new in -lssl
configure:4660: gcc -o conftest -g -O2   conftest.c -lssl   >&5
configure:4660: $? = 0
configure:4669: result: yes
configure:4680: checking for pthread_create in -lpthread
configure:4705: gcc -o conftest -g -O2   conftest.c -lpthread  -lssl  >&5
configure:4705: $? = 0
configure:4714: result: yes
configure:4725: checking for clock_gettime in -lrt
configure:4750: gcc -o conftest -g -O2   conftest.c -lrt  -lpthread -lssl  >&5
configure:4750: $? = 0
configure:4759: result: yes
configure:5384: checking for ipq_get_packet in -lipq
configure:5409: gcc -o conftest -g -O2   conftest.c -lipq  -lrt -lpthread -lssl  >&5
configure:5409: $? = 0
configure:5418: result: yes
configure:5431: checking for /usr/include/libipq
configure:5444: result: no
configure:5465: checking whether unordered_map is available
configure:5481: g++ -c -std=c++0x  conftest.cpp >&5
configure:5481: $? = 0
configure:5488: result: yes
configure:5520: checking for inet6_opt_init
configure:5520: g++ -o conftest -g -O2   conftest.cpp -lipq -lrt -lpthread -lssl  >&5
configure:5520: $? = 0
configure:5520: result: yes
configure:5542: checking how to run the C++ preprocessor
configure:5569: g++ -E  conftest.cpp
configure:5569: $? = 0
configure:5583: g++ -E  conftest.cpp
conftest.cpp:15:28: error: ac_nonexistent.h: No such file or directory
configure:5583: $? = 1
configure: failed program was:
| /* confdefs.h */
| #define PACKAGE_NAME "protlib-ka"
| #define PACKAGE_TARNAME "protlib-ka"
| #define PACKAGE_VERSION "0.0.0.5551"
| #define PACKAGE_STRING "protlib-ka 0.0.0.5551"
| #define PACKAGE_BUGREPORT "roland.bless@kit.edu"
| #define PACKAGE_URL ""
| #define PACKAGE "protlib-ka"
| #define VERSION "0.0.0.5551"
| #define HAVE_LIBSSL 1
| #define HAVE_LIBPTHREAD 1
| #define HAVE_LIBRT 1
| #define HAVE_LIBIPQ 1
| /* end confdefs.h.  */
| #include <ac_nonexistent.h>
configure:5608: result: g++ -E
configure:5628: g++ -E  conftest.cpp
configure:5628: $? = 0
configure:5642: g++ -E  conftest.cpp
conftest.cpp:15:28: error: ac_nonexistent.h: No such file or directory
configure:5642: $? = 1
configure: failed program was:
| /* confdefs.h */
| #define PACKAGE_NAME "protlib-ka"
| #define PACKAGE_TARNAME "protlib-ka"
| #define PACKAGE_VERSION "0.0.0.5551"
| #define PACKAGE_STRING "protlib-ka 0.0.0.5551"
| #define PACKAGE_BUGREPORT "roland.bless@kit.edu"
| #define PACKAGE_URL ""
| #define PACKAGE "protlib-ka"
| #define VERSION "0.0.0.5551"
| #define HAVE_LIBSSL 1
| #define HAVE_LIBPTHREAD 1
| #define HAVE_LIBRT 1
| #define HAVE_LIBIPQ 1
| /* end confdefs.h.  */
| #include <ac_nonexistent.h>
configure:5674: checking arpa/inet.h usability
configure:5674: g++ -c -g -O2  conftest.cpp >&5
configure:5674: $? = 0
configure:5674: result: yes
configure:5674: checking arpa/inet.h presence
configure:5674: g++ -E  conftest.cpp
configure:5674: $? = 0
configure:5674: result: yes
configure:5674: checking for arpa/inet.h
configure:5674: result: yes
configure:5674: checking fcntl.h usability
configure:5674: g++ -c -g -O2  conftest.cpp >&5
configure:5674: $? = 0
configure:5674: result: yes
configure:5674: checking fcntl.h presence
configure:5674: g++ -E  conftest.cpp
configure:5674: $? = 0
configure:5674: result: yes
configure:5674: checking for fcntl.h
configure:5674: result: yes
configure:5674: checking netdb.h usability
configure:5674: g++ -c -g -O2  conftest.cpp >&5
configure:5674: $? = 0
configure:5674: result: yes
configure:5674: checking netdb.h presence
configure:5674: g++ -E  conftest.cpp
configure:5674: $? = 0
configure:5674: result: yes
configure:5674: checking for netdb.h
configure:5674: result: yes
configure:5674: checking netinet/in.h usability
configure:5674: g++ -c -g -O2  conftest.cpp >&5
configure:5674: $? = 0
configure:5674: result: yes
configure:5674: checking netinet/in.h presence
configure:5674: g++ -E  conftest.cpp
configure:5674: $? = 0
configure:5674: result: yes
configure:5674: checking for netinet/in.h
configure:5674: result: yes
configure:5674: checking stdlib.h usability
configure:5674: g++ -c -g -O2  conftest.cpp >&5
configure:5674: $? = 0
configure:5674: result: yes
configure:5674: checking stdlib.h presence
configure:5674: g++ -E  conftest.cpp
configure:5674: $? = 0
configure:5674: result: yes
configure:5674: checking for stdlib.h
configure:5674: result: yes
configure:5674: checking string.h usability
configure:5674: g++ -c -g -O2  conftest.cpp >&5
configure:5674: $? = 0
configure:5674: result: yes
configure:5674: checking string.h presence
configure:5674: g++ -E  conftest.cpp
configure:5674: $? = 0
configure:5674: result: yes
configure:5674: checking for string.h
configure:5674: result: yes
configure:5674: checking sys/socket.h usability
configure:5674: g++ -c -g -O2  conftest.cpp >&5
configure:5674: $? = 0
configure:5674: result: yes
configure:5674: checking sys/socket.h presence
configure:5674: g++ -E  conftest.cpp
configure:5674: $? = 0
configure:5674: result: yes
configure:5674: checking for sys/socket.h
configure:5674: result: yes
configure:5674: checking sys/time.h usability
configure:5674: g++ -c -g -O2  conftest.cpp >&5
configure:5674: $? = 0
configure:5674: result: yes
configure:5674: checking sys/time.h presence
configure:5674: g++ -E  conftest.cpp
configure:5674: $? = 0
configure:5674: result: yes
configure:5674: checking for sys/time.h
configure:5674: result: yes
configure:5674: checking unistd.h usability
configure:5674: g++ -c -g -O2  conftest.cpp >&5
configure:5674: $? = 0
configure:5674: result: yes
configure:5674: checking unistd.h presence
configure:5674: g++ -E  conftest.cpp
configure:5674: $? = 0
configure:5674: result: yes
configure:5674: checking for unistd.h
configure:5674: result: yes
configure:5687: checking for ANSI C header files
configure:5707: g++ -c -g -O2  conftest.cpp >&5
configure:5707: $? = 0
configure:5791: result: no
configure:5799: checking for stdbool.h that conforms to C99
configure:5884: g++ -c -g -O2  conftest.cpp >&5
configure:5884: $? = 0
configure:5891: result: yes
configure:5893: checking for _Bool
configure:5893: g++ -c -g -O2  conftest.cpp >&5
conftest.cpp: In function 'int main()':
conftest.cpp:60: error: '_Bool' was not declared in this scope
configure:5893: $? = 1
configure: failed program was:
| /* confdefs.h */
| #define PACKAGE_NAME "protlib-ka"
| #define PACKAGE_TARNAME "protlib-ka"
| #define PACKAGE_VERSION "0.0.0.5551"
| #define PACKAGE_STRING "protlib-ka 0.0.0.5551"
| #define PACKAGE_BUGREPORT "roland.bless@kit.edu"
| #define PACKAGE_URL ""
| #define PACKAGE "protlib-ka"
| #define VERSION "0.0.0.5551"
| #define HAVE_LIBSSL 1
| #define HAVE_LIBPTHREAD 1
| #define HAVE_LIBRT 1
| #define HAVE_LIBIPQ 1
| #define HAVE_ARPA_INET_H 1
| #define HAVE_FCNTL_H 1
| #define HAVE_NETDB_H 1
| #define HAVE_NETINET_IN_H 1
| #define HAVE_STDLIB_H 1
| #define HAVE_STRING_H 1
| #define HAVE_SYS_SOCKET_H 1
| #define HAVE_SYS_TIME_H 1
| #define HAVE_UNISTD_H 1
| /* end confdefs.h.  */
| #include <stdio.h>
| #ifdef HAVE_SYS_TYPES_H
| # include <sys/types.h>
| #endif
| #ifdef HAVE_SYS_STAT_H
| # include <sys/stat.h>
| #endif
| #ifdef STDC_HEADERS
| # include <stdlib.h>
| # include <stddef.h>
| #else
| # ifdef HAVE_STDLIB_H
| #  include <stdlib.h>
| # endif
| #endif
| #ifdef HAVE_STRING_H
| # if !defined STDC_HEADERS && defined HAVE_MEMORY_H
| #  include <memory.h>
| # endif
| # include <string.h>
| #endif
| #ifdef HAVE_STRINGS_H
| # include <strings.h>
| #endif
| #ifdef HAVE_INTTYPES_H
| # include <inttypes.h>
| #endif
| #ifdef HAVE_STDINT_H
| # include <stdint.h>
| #endif
| #ifdef HAVE_UNISTD_H
| # include <unistd.h>
| #endif
| int
| main ()
| {
| if (sizeof (_Bool))
| 	 return 0;
|   ;
|   return 0;
| }
configure:5893: result: no
configure:5909: checking for an ANSI C-conforming const
configure:5974: g++ -c -g -O2  conftest.cpp >&5
configure:5974: $? = 0
configure:5981: result: yes
configure:5989: checking for inline
configure:6005: g++ -c -g -O2  conftest.cpp >&5
configure:6005: $? = 0
configure:6013: result: inline
configure:6031: checking for int32_t
configure:6031: g++ -c -g -O2  conftest.cpp >&5
configure:6031: $? = 0
configure:6031: g++ -c -g -O2  conftest.cpp >&5
conftest.cpp: In function 'int main()':
conftest.cpp:63: warning: integer overflow in expression
conftest.cpp:63: error: size of array 'test_array' is negative
configure:6031: $? = 1
configure: failed program was:
| /* confdefs.h */
| #define PACKAGE_NAME "protlib-ka"
| #define PACKAGE_TARNAME "protlib-ka"
| #define PACKAGE_VERSION "0.0.0.5551"
| #define PACKAGE_STRING "protlib-ka 0.0.0.5551"
| #define PACKAGE_BUGREPORT "roland.bless@kit.edu"
| #define PACKAGE_URL ""
| #define PACKAGE "protlib-ka"
| #define VERSION "0.0.0.5551"
| #define HAVE_LIBSSL 1
| #define HAVE_LIBPTHREAD 1
| #define HAVE_LIBRT 1
| #define HAVE_LIBIPQ 1
| #define HAVE_ARPA_INET_H 1
| #define HAVE_FCNTL_H 1
| #define HAVE_NETDB_H 1
| #define HAVE_NETINET_IN_H 1
| #define HAVE_STDLIB_H 1
| #define HAVE_STRING_H 1
| #define HAVE_SYS_SOCKET_H 1
| #define HAVE_SYS_TIME_H 1
| #define HAVE_UNISTD_H 1
| #define HAVE_STDBOOL_H 1
| /* end confdefs.h.  */
| #include <stdio.h>
| #ifdef HAVE_SYS_TYPES_H
| # include <sys/types.h>
| #endif
| #ifdef HAVE_SYS_STAT_H
| # include <sys/stat.h>
| #endif
| #ifdef STDC_HEADERS
| # include <stdlib.h>
| # include <stddef.h>
| #else
| # ifdef HAVE_STDLIB_H
| #  include <stdlib.h>
| # endif
| #endif
| #ifdef HAVE_STRING_H
| # if !defined STDC_HEADERS && defined HAVE_MEMORY_H
| #  include <memory.h>
| # endif
| # include <string.h>
| #endif
| #ifdef HAVE_STRINGS_H
| # include <strings.h>
| #endif
| #ifdef HAVE_INTTYPES_H
| # include <inttypes.h>
| #endif
| #ifdef HAVE_STDINT_H
| # include <stdint.h>
| #endif
| #ifdef HAVE_UNISTD_H
| # include <unistd.h>
| #endif
| 	        enum { N = 32 / 2 - 1 };
| int
| main ()
| {
| static int test_array [1 - 2 * !((int32_t) (((((int32_t) 1 << N) << N) - 1) * 2 + 1)
| 		 < (int32_t) (((((int32_t) 1 << N) << N) - 1) * 2 + 2))];
| test_array [0] = 0
| 
|   ;
|   return 0;
| }
configure:6031: result: yes
configure:6042: checking for int64_t
configure:6042: g++ -c -g -O2  conftest.cpp >&5
configure:6042: $? = 0
configure:6042: g++ -c -g -O2  conftest.cpp >&5
conftest.cpp: In function 'int main()':
conftest.cpp:63: warning: integer overflow in expression
conftest.cpp:63: error: size of array 'test_array' is negative
configure:6042: $? = 1
configure: failed program was:
| /* confdefs.h */
| #define PACKAGE_NAME "protlib-ka"
| #define PACKAGE_TARNAME "protlib-ka"
| #define PACKAGE_VERSION "0.0.0.5551"
| #define PACKAGE_STRING "protlib-ka 0.0.0.5551"
| #define PACKAGE_BUGREPORT "roland.bless@kit.edu"
| #define PACKAGE_URL ""
| #define PACKAGE "protlib-ka"
| #define VERSION "0.0.0.5551"
| #define HAVE_LIBSSL 1
| #define HAVE_LIBPTHREAD 1
| #define HAVE_LIBRT 1
| #define HAVE_LIBIPQ 1
| #define HAVE_ARPA_INET_H 1
| #define HAVE_FCNTL_H 1
| #define HAVE_NETDB_H 1
| #define HAVE_NETINET_IN_H 1
| #define HAVE_STDLIB_H 1
| #define HAVE_STRING_H 1
| #define HAVE_SYS_SOCKET_H 1
| #define HAVE_SYS_TIME_H 1
| #define HAVE_UNISTD_H 1
| #define HAVE_STDBOOL_H 1
| /* end confdefs.h.  */
| #include <stdio.h>
| #ifdef HAVE_SYS_TYPES_H
| # include <sys/types.h>
| #endif
| #ifdef HAVE_SYS_STAT_H
| # include <sys/stat.h>
| #endif
| #ifdef STDC_HEADERS
| # include <stdlib.h>
| # include <stddef.h>
| #else
| # ifdef HAVE_STDLIB_H
| #  include <stdlib.h>
| # endif
| #endif
| #ifdef HAVE_STRING_H
| # if !defined STDC_HEADERS && defined HAVE_MEMORY_H
| #  include <memory.h>
| # endif
| # include <string.h>
| #endif
| #ifdef HAVE_STRINGS_H
| # include <strings.h>
| #endif
| #ifdef HAVE_INTTYPES_H
| # include <inttypes.h>
| #endif
| #ifdef HAVE_STDINT_H
| # include <stdint.h>
| #endif
| #ifdef HAVE_UNISTD_H
| # include <unistd.h>
| #endif
| 	        enum { N = 64 / 2 - 1 };
| int
| main ()
| {
| static int test_array [1 - 2 * !((int64_t) (((((int64_t) 1 << N) << N) - 1) * 2 + 1)
| 		 < (int64_t) (((((int64_t) 1 << N) << N) - 1) * 2 + 2))];
| test_array [0] = 0
| 
|   ;
|   return 0;
| }
configure:6042: result: yes
configure:6053: checking for size_t
configure:6053: g++ -c -g -O2  conftest.cpp >&5
configure:6053: $? = 0
configure:6053: g++ -c -g -O2  conftest.cpp >&5
conftest.cpp: In function 'int main()':
conftest.cpp:61: error: expected primary-expression before ')' token
configure:6053: $? = 1
configure: failed program was:
| /* confdefs.h */
| #define PACKAGE_NAME "protlib-ka"
| #define PACKAGE_TARNAME "protlib-ka"
| #define PACKAGE_VERSION "0.0.0.5551"
| #define PACKAGE_STRING "protlib-ka 0.0.0.5551"
| #define PACKAGE_BUGREPORT "roland.bless@kit.edu"
| #define PACKAGE_URL ""
| #define PACKAGE "protlib-ka"
| #define VERSION "0.0.0.5551"
| #define HAVE_LIBSSL 1
| #define HAVE_LIBPTHREAD 1
| #define HAVE_LIBRT 1
| #define HAVE_LIBIPQ 1
| #define HAVE_ARPA_INET_H 1
| #define HAVE_FCNTL_H 1
| #define HAVE_NETDB_H 1
| #define HAVE_NETINET_IN_H 1
| #define HAVE_STDLIB_H 1
| #define HAVE_STRING_H 1
| #define HAVE_SYS_SOCKET_H 1
| #define HAVE_SYS_TIME_H 1
| #define HAVE_UNISTD_H 1
| #define HAVE_STDBOOL_H 1
| /* end confdefs.h.  */
| #include <stdio.h>
| #ifdef HAVE_SYS_TYPES_H
| # include <sys/types.h>
| #endif
| #ifdef HAVE_SYS_STAT_H
| # include <sys/stat.h>
| #endif
| #ifdef STDC_HEADERS
| # include <stdlib.h>
| # include <stddef.h>
| #else
| # ifdef HAVE_STDLIB_H
| #  include <stdlib.h>
| # endif
| #endif
| #ifdef HAVE_STRING_H
| # if !defined STDC_HEADERS && defined HAVE_MEMORY_H
| #  include <memory.h>
| # endif
| # include <string.h>
| #endif
| #ifdef HAVE_STRINGS_H
| # include <strings.h>
| #endif
| #ifdef HAVE_INTTYPES_H
| # include <inttypes.h>
| #endif
| #ifdef HAVE_STDINT_H
| # include <stdint.h>
| #endif
| #ifdef HAVE_UNISTD_H
| # include <unistd.h>
| #endif
| int
| main ()
| {
| if (sizeof ((size_t)))
| 	    return 0;
|   ;
|   return 0;
| }
configure:6053: result: yes
configure:6064: checking whether time.h and sys/time.h may both be included
configure:6084: g++ -c -g -O2  conftest.cpp >&5
configure:6084: $? = 0
configure:6091: result: yes
configure:6099: checking whether struct tm is in sys/time.h or time.h
configure:6119: g++ -c -g -O2  conftest.cpp >&5
configure:6119: $? = 0
configure:6126: result: time.h
configure:6134: checking for uid_t in sys/types.h
configure:6153: result: no
configure:6164: checking for uint16_t
configure:6164: g++ -c -g -O2  conftest.cpp >&5
In file included from /usr/include/stdlib.h:320,
                 from conftest.cpp:40:
/usr/include/sys/types.h:67: error: multiple types in one declaration
/usr/include/sys/types.h:67: error: declaration does not declare anything
/usr/include/sys/types.h:82: error: multiple types in one declaration
/usr/include/sys/types.h:82: error: declaration does not declare anything
conftest.cpp: In function 'int main()':
conftest.cpp:64: error: 'uint16_t' was not declared in this scope
conftest.cpp:65: error: 'test_array' was not declared in this scope
configure:6164: $? = 1
configure: failed program was:
| /* confdefs.h */
| #define PACKAGE_NAME "protlib-ka"
| #define PACKAGE_TARNAME "protlib-ka"
| #define PACKAGE_VERSION "0.0.0.5551"
| #define PACKAGE_STRING "protlib-ka 0.0.0.5551"
| #define PACKAGE_BUGREPORT "roland.bless@kit.edu"
| #define PACKAGE_URL ""
| #define PACKAGE "protlib-ka"
| #define VERSION "0.0.0.5551"
| #define HAVE_LIBSSL 1
| #define HAVE_LIBPTHREAD 1
| #define HAVE_LIBRT 1
| #define HAVE_LIBIPQ 1
| #define HAVE_ARPA_INET_H 1
| #define HAVE_FCNTL_H 1
| #define HAVE_NETDB_H 1
| #define HAVE_NETINET_IN_H 1
| #define HAVE_STDLIB_H 1
| #define HAVE_STRING_H 1
| #define HAVE_SYS_SOCKET_H 1
| #define HAVE_SYS_TIME_H 1
| #define HAVE_UNISTD_H 1
| #define HAVE_STDBOOL_H 1
| #define TIME_WITH_SYS_TIME 1
| #define uid_t int
| #define gid_t int
| /* end confdefs.h.  */
| #include <stdio.h>
| #ifdef HAVE_SYS_TYPES_H
| # include <sys/types.h>
| #endif
| #ifdef HAVE_SYS_STAT_H
| # include <sys/stat.h>
| #endif
| #ifdef STDC_HEADERS
| # include <stdlib.h>
| # include <stddef.h>
| #else
| # ifdef HAVE_STDLIB_H
| #  include <stdlib.h>
| # endif
| #endif
| #ifdef HAVE_STRING_H
| # if !defined STDC_HEADERS && defined HAVE_MEMORY_H
| #  include <memory.h>
| # endif
| # include <string.h>
| #endif
| #ifdef HAVE_STRINGS_H
| # include <strings.h>
| #endif
| #ifdef HAVE_INTTYPES_H
| # include <inttypes.h>
| #endif
| #ifdef HAVE_STDINT_H
| # include <stdint.h>
| #endif
| #ifdef HAVE_UNISTD_H
| # include <unistd.h>
| #endif
| int
| main ()
| {
| static int test_array [1 - 2 * !(((uint16_t) -1 >> (16 / 2 - 1)) >> (16 / 2 - 1) == 3)];
| test_array [0] = 0
| 
|   ;
|   return 0;
| }
configure:6164: g++ -c -g -O2  conftest.cpp >&5
In file included from /usr/include/stdlib.h:320,
                 from conftest.cpp:40:
/usr/include/sys/types.h:67: error: multiple types in one declaration
/usr/include/sys/types.h:67: error: declaration does not declare anything
/usr/include/sys/types.h:82: error: multiple types in one declaration
/usr/include/sys/types.h:82: error: declaration does not declare anything
conftest.cpp: In function 'int main()':
conftest.cpp:64: error: size of array 'test_array' is negative
configure:6164: $? = 1
configure: failed program was:
| /* confdefs.h */
| #define PACKAGE_NAME "protlib-ka"
| #define PACKAGE_TARNAME "protlib-ka"
| #define PACKAGE_VERSION "0.0.0.5551"
| #define PACKAGE_STRING "protlib-ka 0.0.0.5551"
| #define PACKAGE_BUGREPORT "roland.bless@kit.edu"
| #define PACKAGE_URL ""
| #define PACKAGE "protlib-ka"
| #define VERSION "0.0.0.5551"
| #define HAVE_LIBSSL 1
| #define HAVE_LIBPTHREAD 1
| #define HAVE_LIBRT 1
| #define HAVE_LIBIPQ 1
| #define HAVE_ARPA_INET_H 1
| #define HAVE_FCNTL_H 1
| #define HAVE_NETDB_H 1
| #define HAVE_NETINET_IN_H 1
| #define HAVE_STDLIB_H 1
| #define HAVE_STRING_H 1
| #define HAVE_SYS_SOCKET_H 1
| #define HAVE_SYS_TIME_H 1
| #define HAVE_UNISTD_H 1
| #define HAVE_STDBOOL_H 1
| #define TIME_WITH_SYS_TIME 1
| #define uid_t int
| #define gid_t int
| /* end confdefs.h.  */
| #include <stdio.h>
| #ifdef HAVE_SYS_TYPES_H
| # include <sys/types.h>
| #endif
| #ifdef HAVE_SYS_STAT_H
| # include <sys/stat.h>
| #endif
| #ifdef STDC_HEADERS
| # include <stdlib.h>
| # include <stddef.h>
| #else
| # ifdef HAVE_STDLIB_H
| #  include <stdlib.h>
| # endif
| #endif
| #ifdef HAVE_STRING_H
| # if !defined STDC_HEADERS && defined HAVE_MEMORY_H
| #  include <memory.h>
| # endif
| # include <string.h>
| #endif
| #ifdef HAVE_STRINGS_H
| # include <strings.h>
| #endif
| #ifdef HAVE_INTTYPES_H
| # include <inttypes.h>
| #endif
| #ifdef HAVE_STDINT_H
| # include <stdint.h>
| #endif
| #ifdef HAVE_UNISTD_H
| # include <unistd.h>
| #endif
| int
| main ()
| {
| static int test_array [1 - 2 * !(((unsigned int) -1 >> (16 / 2 - 1)) >> (16 / 2 - 1) == 3)];
| test_array [0] = 0
| 
|   ;
|   return 0;
| }
configure:6164: g++ -c -g -O2  conftest.cpp >&5
In file included from /usr/include/stdlib.h:320,
                 from conftest.cpp:40:
/usr/include/sys/types.h:67: error: multiple types in one declaration
/usr/include/sys/types.h:67: error: declaration does not declare anything
/usr/include/sys/types.h:82: error: multiple types in one declaration
/usr/include/sys/types.h:82: error: declaration does not declare anything
conftest.cpp: In function 'int main()':
conftest.cpp:64: error: size of array 'test_array' is negative
configure:6164: $? = 1
configure: failed program was:
| /* confdefs.h */
| #define PACKAGE_NAME "protlib-ka"
| #define PACKAGE_TARNAME "protlib-ka"
| #define PACKAGE_VERSION "0.0.0.5551"
| #define PACKAGE_STRING "protlib-ka 0.0.0.5551"
| #define PACKAGE_BUGREPORT "roland.bless@kit.edu"
| #define PACKAGE_URL ""
| #define PACKAGE "protlib-ka"
| #define VERSION "0.0.0.5551"
| #define HAVE_LIBSSL 1
| #define HAVE_LIBPTHREAD 1
| #define HAVE_LIBRT 1
| #define HAVE_LIBIPQ 1
| #define HAVE_ARPA_INET_H 1
| #define HAVE_FCNTL_H 1
| #define HAVE_NETDB_H 1
| #define HAVE_NETINET_IN_H 1
| #define HAVE_STDLIB_H 1
| #define HAVE_STRING_H 1
| #define HAVE_SYS_SOCKET_H 1
| #define HAVE_SYS_TIME_H 1
| #define HAVE_UNISTD_H 1
| #define HAVE_STDBOOL_H 1
| #define TIME_WITH_SYS_TIME 1
| #define uid_t int
| #define gid_t int
| /* end confdefs.h.  */
| #include <stdio.h>
| #ifdef HAVE_SYS_TYPES_H
| # include <sys/types.h>
| #endif
| #ifdef HAVE_SYS_STAT_H
| # include <sys/stat.h>
| #endif
| #ifdef STDC_HEADERS
| # include <stdlib.h>
| # include <stddef.h>
| #else
| # ifdef HAVE_STDLIB_H
| #  include <stdlib.h>
| # endif
| #endif
| #ifdef HAVE_STRING_H
| # if !defined STDC_HEADERS && defined HAVE_MEMORY_H
| #  include <memory.h>
| # endif
| # include <string.h>
| #endif
| #ifdef HAVE_STRINGS_H
| # include <strings.h>
| #endif
| #ifdef HAVE_INTTYPES_H
| # include <inttypes.h>
| #endif
| #ifdef HAVE_STDINT_H
| # include <stdint.h>
| #endif
| #ifdef HAVE_UNISTD_H
| # include <unistd.h>
| #endif
| int
| main ()
| {
| static int test_array [1 - 2 * !(((unsigned long int) -1 >> (16 / 2 - 1)) >> (16 / 2 - 1) == 3)];
| test_array [0] = 0
| 
|   ;
|   return 0;
| }
configure:6164: g++ -c -g -O2  conftest.cpp >&5
In file included from /usr/include/stdlib.h:320,
                 from conftest.cpp:40:
/usr/include/sys/types.h:67: error: multiple types in one declaration
/usr/include/sys/types.h:67: error: declaration does not declare anything
/usr/include/sys/types.h:82: error: multiple types in one declaration
/usr/include/sys/types.h:82: error: declaration does not declare anything
conftest.cpp: In function 'int main()':
conftest.cpp:64: error: size of array 'test_array' is negative
configure:6164: $? = 1
configure: failed program was:
| /* confdefs.h */
| #define PACKAGE_NAME "protlib-ka"
| #define PACKAGE_TARNAME "protlib-ka"
| #define PACKAGE_VERSION "0.0.0.5551"
| #define PACKAGE_STRING "protlib-ka 0.0.0.5551"
| #define PACKAGE_BUGREPORT "roland.bless@kit.edu"
| #define PACKAGE_URL ""
| #define PACKAGE "protlib-ka"
| #define VERSION "0.0.0.5551"
| #define HAVE_LIBSSL 1
| #define HAVE_LIBPTHREAD 1
| #define HAVE_LIBRT 1
| #define HAVE_LIBIPQ 1
| #define HAVE_ARPA_INET_H 1
| #define HAVE_FCNTL_H 1
| #define HAVE_NETDB_H 1
| #define HAVE_NETINET_IN_H 1
| #define HAVE_STDLIB_H 1
| #define HAVE_STRING_H 1
| #define HAVE_SYS_SOCKET_H 1
| #define HAVE_SYS_TIME_H 1
| #define HAVE_UNISTD_H 1
| #define HAVE_STDBOOL_H 1
| #define TIME_WITH_SYS_TIME 1
| #define uid_t int
| #define gid_t int
| /* end confdefs.h.  */
| #include <stdio.h>
| #ifdef HAVE_SYS_TYPES_H
| # include <sys/types.h>
| #endif
| #ifdef HAVE_SYS_STAT_H
| # include <sys/stat.h>
| #endif
| #ifdef STDC_HEADERS
| # include <stdlib.h>
| # include <stddef.h>
| #else
| # ifdef HAVE_STDLIB_H
| #  include <stdlib.h>
| # endif
| #endif
| #ifdef HAVE_STRING_H
| # if !defined STDC_HEADERS && defined HAVE_MEMORY_H
| #  include <memory.h>
| # endif
| # include <string.h>
| #endif
| #ifdef HAVE_STRINGS_H
| # include <strings.h>
| #endif
| #ifdef HAVE_INTTYPES_H
| # include <inttypes.h>
| #endif
| #ifdef HAVE_STDINT_H
| # include <stdint.h>
| #endif
| #ifdef HAVE_UNISTD_H
| # include <unistd.h>
| #endif
| int
| main ()
| {
| static int test_array [1 - 2 * !(((unsigned long long int) -1 >> (16 / 2 - 1)) >> (16 / 2 - 1) == 3)];
| test_array [0] = 0
| 
|   ;
|   return 0;
| }
configure:6164: g++ -c -g -O2  conftest.cpp >&5
In file included from /usr/include/stdlib.h:320,
                 from conftest.cpp:40:
/usr/include/sys/types.h:67: error: multiple types in one declaration
/usr/include/sys/types.h:67: error: declaration does not declare anything
/usr/include/sys/types.h:82: error: multiple types in one declaration
/usr/include/sys/types.h:82: error: declaration does not declare anything
configure:6164: $? = 1
configure: failed program was:
| /* confdefs.h */
| #define PACKAGE_NAME "protlib-ka"
| #define PACKAGE_TARNAME "protlib-ka"
| #define PACKAGE_VERSION "0.0.0.5551"
| #define PACKAGE_STRING "protlib-ka 0.0.0.5551"
| #define PACKAGE_BUGREPORT "roland.bless@kit.edu"
| #define PACKAGE_URL ""
| #define PACKAGE "protlib-ka"
| #define VERSION "0.0.0.5551"
| #define HAVE_LIBSSL 1
| #define HAVE_LIBPTHREAD 1
| #define HAVE_LIBRT 1
| #define HAVE_LIBIPQ 1
| #define HAVE_ARPA_INET_H 1
| #define HAVE_FCNTL_H 1
| #define HAVE_NETDB_H 1
| #define HAVE_NETINET_IN_H 1
| #define HAVE_STDLIB_H 1
| #define HAVE_STRING_H 1
| #define HAVE_SYS_SOCKET_H 1
| #define HAVE_SYS_TIME_H 1
| #define HAVE_UNISTD_H 1
| #define HAVE_STDBOOL_H 1
| #define TIME_WITH_SYS_TIME 1
| #define uid_t int
| #define gid_t int
| /* end confdefs.h.  */
| #include <stdio.h>
| #ifdef HAVE_SYS_TYPES_H
| # include <sys/types.h>
| #endif
| #ifdef HAVE_SYS_STAT_H
| # include <sys/stat.h>
| #endif
| #ifdef STDC_HEADERS
| # include <stdlib.h>
| # include <stddef.h>
| #else
| # ifdef HAVE_STDLIB_H
| #  include <stdlib.h>
| # endif
| #endif
| #ifdef HAVE_STRING_H
| # if !defined STDC_HEADERS && defined HAVE_MEMORY_H
| #  include <memory.h>
| # endif
| # include <string.h>
| #endif
| #ifdef HAVE_STRINGS_H
| # include <strings.h>
| #endif
| #ifdef HAVE_INTTYPES_H
| # include <inttypes.h>
| #endif
| #ifdef HAVE_STDINT_H
| # include <stdint.h>
| #endif
| #ifdef HAVE_UNISTD_H
| # include <unistd.h>
| #endif
| int
| main ()
| {
| static int test_array [1 - 2 * !(((unsigned short int) -1 >> (16 / 2 - 1)) >> (16 / 2 - 1) == 3)];
| test_array [0] = 0
| 
|   ;
|   return 0;
| }
configure:6164: g++ -c -g -O2  conftest.cpp >&5
In file included from /usr/include/stdlib.h:320,
                 from conftest.cpp:40:
/usr/include/sys/types.h:67: error: multiple types in one declaration
/usr/include/sys/types.h:67: error: declaration does not declare anything
/usr/include/sys/types.h:82: error: multiple types in one declaration
/usr/include/sys/types.h:82: error: declaration does not declare anything
conftest.cpp: In function 'int main()':
conftest.cpp:64: error: size of array 'test_array' is negative
configure:6164: $? = 1
configure: failed program was:
| /* confdefs.h */
| #define PACKAGE_NAME "protlib-ka"
| #define PACKAGE_TARNAME "protlib-ka"
| #define PACKAGE_VERSION "0.0.0.5551"
| #define PACKAGE_STRING "protlib-ka 0.0.0.5551"
| #define PACKAGE_BUGREPORT "roland.bless@kit.edu"
| #define PACKAGE_URL ""
| #define PACKAGE "protlib-ka"
| #define VERSION "0.0.0.5551"
| #define HAVE_LIBSSL 1
| #define HAVE_LIBPTHREAD 1
| #define HAVE_LIBRT 1
| #define HAVE_LIBIPQ 1
| #define HAVE_ARPA_INET_H 1
| #define HAVE_FCNTL_H 1
| #define HAVE_NETDB_H 1
| #define HAVE_NETINET_IN_H 1
| #define HAVE_STDLIB_H 1
| #define HAVE_STRING_H 1
| #define HAVE_SYS_SOCKET_H 1
| #define HAVE_SYS_TIME_H 1
| #define HAVE_UNISTD_H 1
| #define HAVE_STDBOOL_H 1
| #define TIME_WITH_SYS_TIME 1
| #define uid_t int
| #define gid_t int
| /* end confdefs.h.  */
| #include <stdio.h>
| #ifdef HAVE_SYS_TYPES_H
| # include <sys/types.h>
| #endif
| #ifdef HAVE_SYS_STAT_H
| # include <sys/stat.h>
| #endif
| #ifdef STDC_HEADERS
| # include <stdlib.h>
| # include <stddef.h>
| #else
| # ifdef HAVE_STDLIB_H
| #  include <stdlib.h>
| # endif
| #endif
| #ifdef HAVE_STRING_H
| # if !defined STDC_HEADERS && defined HAVE_MEMORY_H
| #  include <memory.h>
| # endif
| # include <string.h>
| #endif
| #ifdef HAVE_STRINGS_H
| # include <strings.h>
| #endif
| #ifdef HAVE_INTTYPES_H
| # include <inttypes.h>
| #endif
| #ifdef HAVE_STDINT_H
| # include <stdint.h>
| #endif
| #ifdef HAVE_UNISTD_H
| # include <unistd.h>
| #endif
| int
| main ()
| {
| static int test_array [1 - 2 * !(((unsigned char) -1 >> (16 / 2 - 1)) >> (16 / 2 - 1) == 3)];
| test_array [0] = 0
| 
|   ;
|   return 0;
| }
configure:6164: result: no
configure:6176: checking for uint32_t
configure:6176: g++ -c -g -O2  conftest.cpp >&5
In file included from /usr/include/stdlib.h:320,
                 from conftest.cpp:40:
/usr/include/sys/types.h:67: error: multiple types in one declaration
/usr/include/sys/types.h:67: error: declaration does not declare anything
/usr/include/sys/types.h:82: error: multiple types in one declaration
/usr/include/sys/types.h:82: error: declaration does not declare anything
conftest.cpp: In function 'int main()':
conftest.cpp:64: error: 'uint32_t' was not declared in this scope
conftest.cpp:65: error: 'test_array' was not declared in this scope
configure:6176: $? = 1
configure: failed program was:
| /* confdefs.h */
| #define PACKAGE_NAME "protlib-ka"
| #define PACKAGE_TARNAME "protlib-ka"
| #define PACKAGE_VERSION "0.0.0.5551"
| #define PACKAGE_STRING "protlib-ka 0.0.0.5551"
| #define PACKAGE_BUGREPORT "roland.bless@kit.edu"
| #define PACKAGE_URL ""
| #define PACKAGE "protlib-ka"
| #define VERSION "0.0.0.5551"
| #define HAVE_LIBSSL 1
| #define HAVE_LIBPTHREAD 1
| #define HAVE_LIBRT 1
| #define HAVE_LIBIPQ 1
| #define HAVE_ARPA_INET_H 1
| #define HAVE_FCNTL_H 1
| #define HAVE_NETDB_H 1
| #define HAVE_NETINET_IN_H 1
| #define HAVE_STDLIB_H 1
| #define HAVE_STRING_H 1
| #define HAVE_SYS_SOCKET_H 1
| #define HAVE_SYS_TIME_H 1
| #define HAVE_UNISTD_H 1
| #define HAVE_STDBOOL_H 1
| #define TIME_WITH_SYS_TIME 1
| #define uid_t int
| #define gid_t int
| /* end confdefs.h.  */
| #include <stdio.h>
| #ifdef HAVE_SYS_TYPES_H
| # include <sys/types.h>
| #endif
| #ifdef HAVE_SYS_STAT_H
| # include <sys/stat.h>
| #endif
| #ifdef STDC_HEADERS
| # include <stdlib.h>
| # include <stddef.h>
| #else
| # ifdef HAVE_STDLIB_H
| #  include <stdlib.h>
| # endif
| #endif
| #ifdef HAVE_STRING_H
| # if !defined STDC_HEADERS && defined HAVE_MEMORY_H
| #  include <memory.h>
| # endif
| # include <string.h>
| #endif
| #ifdef HAVE_STRINGS_H
| # include <strings.h>
| #endif
| #ifdef HAVE_INTTYPES_H
| # include <inttypes.h>
| #endif
| #ifdef HAVE_STDINT_H
| # include <stdint.h>
| #endif
| #ifdef HAVE_UNISTD_H
| # include <unistd.h>
| #endif
| int
| main ()
| {
| static int test_array [1 - 2 * !(((uint32_t) -1 >> (32 / 2 - 1)) >> (32 / 2 - 1) == 3)];
| test_array [0] = 0
| 
|   ;
|   return 0;
| }
configure:6176: g++ -c -g -O2  conftest.cpp >&5
In file included from /usr/include/stdlib.h:320,
                 from conftest.cpp:40:
/usr/include/sys/types.h:67: error: multiple types in one declaration
/usr/include/sys/types.h:67: error: declaration does not declare anything
/usr/include/sys/types.h:82: error: multiple types in one declaration
/usr/include/sys/types.h:82: error: declaration does not declare anything
configure:6176: $? = 1
configure: failed program was:
| /* confdefs.h */
| #define PACKAGE_NAME "protlib-ka"
| #define PACKAGE_TARNAME "protlib-ka"
| #define PACKAGE_VERSION "0.0.0.5551"
| #define PACKAGE_STRING "protlib-ka 0.0.0.5551"
| #define PACKAGE_BUGREPORT "roland.bless@kit.edu"
| #define PACKAGE_URL ""
| #define PACKAGE "protlib-ka"
| #define VERSION "0.0.0.5551"
| #define HAVE_LIBSSL 1
| #define HAVE_LIBPTHREAD 1
| #define HAVE_LIBRT 1
| #define HAVE_LIBIPQ 1
| #define HAVE_ARPA_INET_H 1
| #define HAVE_FCNTL_H 1
| #define HAVE_NETDB_H 1
| #define HAVE_NETINET_IN_H 1
| #define HAVE_STDLIB_H 1
| #define HAVE_STRING_H 1
| #define HAVE_SYS_SOCKET_H 1
| #define HAVE_SYS_TIME_H 1
| #define HAVE_UNISTD_H 1
| #define HAVE_STDBOOL_H 1
| #define TIME_WITH_SYS_TIME 1
| #define uid_t int
| #define gid_t int
| /* end confdefs.h.  */
| #include <stdio.h>
| #ifdef HAVE_SYS_TYPES_H
| # include <sys/types.h>
| #endif
| #ifdef HAVE_SYS_STAT_H
| # include <sys/stat.h>
| #endif
| #ifdef STDC_HEADERS
| # include <stdlib.h>
| # include <stddef.h>
| #else
| # ifdef HAVE_STDLIB_H
| #  include <stdlib.h>
| # endif
| #endif
| #ifdef HAVE_STRING_H
| # if !defined STDC_HEADERS && defined HAVE_MEMORY_H
| #  include <memory.h>
| # endif
| # include <string.h>
| #endif
| #ifdef HAVE_STRINGS_H
| # include <strings.h>
| #endif
| #ifdef HAVE_INTTYPES_H
| # include <inttypes.h>
| #endif
| #ifdef HAVE_STDINT_H
| # include <stdint.h>
| #endif
| #ifdef HAVE_UNISTD_H
| # include <unistd.h>
| #endif
| int
| main ()
| {
| static int test_array [1 - 2 * !(((unsigned int) -1 >> (32 / 2 - 1)) >> (32 / 2 - 1) == 3)];
| test_array [0] = 0
| 
|   ;
|   return 0;
| }
configure:6176: g++ -c -g -O2  conftest.cpp >&5
In file included from /usr/include/stdlib.h:320,
                 from conftest.cpp:40:
/usr/include/sys/types.h:67: error: multiple types in one declaration
/usr/include/sys/types.h:67: error: declaration does not declare anything
/usr/include/sys/types.h:82: error: multiple types in one declaration
/usr/include/sys/types.h:82: error: declaration does not declare anything
conftest.cpp: In function 'int main()':
conftest.cpp:64: error: size of array 'test_array' is negative
configure:6176: $? = 1
configure: failed program was:
| /* confdefs.h */
| #define PACKAGE_NAME "protlib-ka"
| #define PACKAGE_TARNAME "protlib-ka"
| #define PACKAGE_VERSION "0.0.0.5551"
| #define PACKAGE_STRING "protlib-ka 0.0.0.5551"
| #define PACKAGE_BUGREPORT "roland.bless@kit.edu"
| #define PACKAGE_URL ""
| #define PACKAGE "protlib-ka"
| #define VERSION "0.0.0.5551"
| #define HAVE_LIBSSL 1
| #define HAVE_LIBPTHREAD 1
| #define HAVE_LIBRT 1
| #define HAVE_LIBIPQ 1
| #define HAVE_ARPA_INET_H 1
| #define HAVE_FCNTL_H 1
| #define HAVE_NETDB_H 1
| #define HAVE_NETINET_IN_H 1
| #define HAVE_STDLIB_H 1
| #define HAVE_STRING_H 1
| #define HAVE_SYS_SOCKET_H 1
| #define HAVE_SYS_TIME_H 1
| #define HAVE_UNISTD_H 1
| #define HAVE_STDBOOL_H 1
| #define TIME_WITH_SYS_TIME 1
| #define uid_t int
| #define gid_t int
| /* end confdefs.h.  */
| #include <stdio.h>
| #ifdef HAVE_SYS_TYPES_H
| # include <sys/types.h>
| #endif
| #ifdef HAVE_SYS_STAT_H
| # include <sys/stat.h>
| #endif
| #ifdef STDC_HEADERS
| # include <stdlib.h>
| # include <stddef.h>
| #else
| # ifdef HAVE_STDLIB_H
| #  include <stdlib.h>
| # endif
| #endif
| #ifdef HAVE_STRING_H
| # if !defined STDC_HEADERS && defined HAVE_MEMORY_H
| #  include <memory.h>
| # endif
| # include <string.h>
| #endif
| #ifdef HAVE_STRINGS_H
| # include <strings.h>
| #endif
| #ifdef HAVE_INTTYPES_H
| # include <inttypes.h>
| #endif
| #ifdef HAVE_STDINT_H
| # include <stdint.h>
| #endif
| #ifdef HAVE_UNISTD_H
| # include <unistd.h>
| #endif
| int
| main ()
| {
| static int test_array [1 - 2 * !(((unsigned long int) -1 >> (32 / 2 - 1)) >> (32 / 2 - 1) == 3)];
| test_array [0] = 0
| 
|   ;
|   return 0;
| }
configure:6176: g++ -c -g -O2  conftest.cpp >&5
In file included from /usr/include/stdlib.h:320,
                 from conftest.cpp:40:
/usr/include/sys/types.h:67: error: multiple types in one declaration
/usr/include/sys/types.h:67: error: declaration does not declare anything
/usr/include/sys/types.h:82: error: multiple types in one declaration
/usr/include/sys/types.h:82: error: declaration does not declare anything
conftest.cpp: In function 'int main()':
conftest.cpp:64: error: size of array 'test_array' is negative
configure:6176: $? = 1
configure: failed program was:
| /* confdefs.h */
| #define PACKAGE_NAME "protlib-ka"
| #define PACKAGE_TARNAME "protlib-ka"
| #define PACKAGE_VERSION "0.0.0.5551"
| #define PACKAGE_STRING "protlib-ka 0.0.0.5551"
| #define PACKAGE_BUGREPORT "roland.bless@kit.edu"
| #define PACKAGE_URL ""
| #define PACKAGE "protlib-ka"
| #define VERSION "0.0.0.5551"
| #define HAVE_LIBSSL 1
| #define HAVE_LIBPTHREAD 1
| #define HAVE_LIBRT 1
| #define HAVE_LIBIPQ 1
| #define HAVE_ARPA_INET_H 1
| #define HAVE_FCNTL_H 1
| #define HAVE_NETDB_H 1
| #define HAVE_NETINET_IN_H 1
| #define HAVE_STDLIB_H 1
| #define HAVE_STRING_H 1
| #define HAVE_SYS_SOCKET_H 1
| #define HAVE_SYS_TIME_H 1
| #define HAVE_UNISTD_H 1
| #define HAVE_STDBOOL_H 1
| #define TIME_WITH_SYS_TIME 1
| #define uid_t int
| #define gid_t int
| /* end confdefs.h.  */
| #include <stdio.h>
| #ifdef HAVE_SYS_TYPES_H
| # include <sys/types.h>
| #endif
| #ifdef HAVE_SYS_STAT_H
| # include <sys/stat.h>
| #endif
| #ifdef STDC_HEADERS
| # include <stdlib.h>
| # include <stddef.h>
| #else
| # ifdef HAVE_STDLIB_H
| #  include <stdlib.h>
| # endif
| #endif
| #ifdef HAVE_STRING_H
| # if !defined STDC_HEADERS && defined HAVE_MEMORY_H
| #  include <memory.h>
| # endif
| # include <string.h>
| #endif
| #ifdef HAVE_STRINGS_H
| # include <strings.h>
| #endif
| #ifdef HAVE_INTTYPES_H
| # include <inttypes.h>
| #endif
| #ifdef HAVE_STDINT_H
| # include <stdint.h>
| #endif
| #ifdef HAVE_UNISTD_H
| # include <unistd.h>
| #endif
| int
| main ()
| {
| static int test_array [1 - 2 * !(((unsigned long long int) -1 >> (32 / 2 - 1)) >> (32 / 2 - 1) == 3)];
| test_array [0] = 0
| 
|   ;
|   return 0;
| }
configure:6176: g++ -c -g -O2  conftest.cpp >&5
In file included from /usr/include/stdlib.h:320,
                 from conftest.cpp:40:
/usr/include/sys/types.h:67: error: multiple types in one declaration
/usr/include/sys/types.h:67: error: declaration does not declare anything
/usr/include/sys/types.h:82: error: multiple types in one declaration
/usr/include/sys/types.h:82: error: declaration does not declare anything
conftest.cpp: In function 'int main()':
conftest.cpp:64: error: size of array 'test_array' is negative
configure:6176: $? = 1
configure: failed program was:
| /* confdefs.h */
| #define PACKAGE_NAME "protlib-ka"
| #define PACKAGE_TARNAME "protlib-ka"
| #define PACKAGE_VERSION "0.0.0.5551"
| #define PACKAGE_STRING "protlib-ka 0.0.0.5551"
| #define PACKAGE_BUGREPORT "roland.bless@kit.edu"
| #define PACKAGE_URL ""
| #define PACKAGE "protlib-ka"
| #define VERSION "0.0.0.5551"
| #define HAVE_LIBSSL 1
| #define HAVE_LIBPTHREAD 1
| #define HAVE_LIBRT 1
| #define HAVE_LIBIPQ 1
| #define HAVE_ARPA_INET_H 1
| #define HAVE_FCNTL_H 1
| #define HAVE_NETDB_H 1
| #define HAVE_NETINET_IN_H 1
| #define HAVE_STDLIB_H 1
| #define HAVE_STRING_H 1
| #define HAVE_SYS_SOCKET_H 1
| #define HAVE_SYS_TIME_H 1
| #define HAVE_UNISTD_H 1
| #define HAVE_STDBOOL_H 1
| #define TIME_WITH_SYS_TIME 1
| #define uid_t int
| #define gid_t int
| /* end confdefs.h.  */
| #include <stdio.h>
| #ifdef HAVE_SYS_TYPES_H
| # include <sys/types.h>
| #endif
| #ifdef HAVE_SYS_STAT_H
| # include <sys/stat.h>
| #endif
| #ifdef STDC_HEADERS
| # include <stdlib.h>
| # include <stddef.h>
| #else
| # ifdef HAVE_STDLIB_H
| #  include <stdlib.h>
| # endif
| #endif
| #ifdef HAVE_STRING_H
| # if !defined STDC_HEADERS && defined HAVE_MEMORY_H
| #  include <memory.h>
| # endif
| # include <string.h>
| #endif
| #ifdef HAVE_STRINGS_H
| # include <strings.h>
| #endif
| #ifdef HAVE_INTTYPES_H
| # include <inttypes.h>
| #endif
| #ifdef HAVE_STDINT_H
| # include <stdint.h>
| #endif
| #ifdef HAVE_UNISTD_H
| # include <unistd.h>
| #endif
| int
| main ()
| {
| static int test_array [1 - 2 * !(((unsigned short int) -1 >> (32 / 2 - 1)) >> (32 / 2 - 1) == 3)];
| test_array [0] = 0
| 
|   ;
|   return 0;
| }
configure:6176: g++ -c -g -O2  conftest.cpp >&5
In file included from /usr/include/stdlib.h:320,
                 from conftest.cpp:40:
/usr/include/sys/types.h:67: error: multiple types in one declaration
/usr/include/sys/types.h:67: error: declaration does not declare anything
/usr/include/sys/types.h:82: error: multiple types in one declaration
/usr/include/sys/types.h:82: error: declaration does not declare anything
conftest.cpp: In function 'int main()':
conftest.cpp:64: error: size of array 'test_array' is negative
configure:6176: $? = 1
configure: failed program was:
| /* confdefs.h */
| #define PACKAGE_NAME "protlib-ka"
| #define PACKAGE_TARNAME "protlib-ka"
| #define PACKAGE_VERSION "0.0.0.5551"
| #define PACKAGE_STRING "protlib-ka 0.0.0.5551"
| #define PACKAGE_BUGREPORT "roland.bless@kit.edu"
| #define PACKAGE_URL ""
| #define PACKAGE "protlib-ka"
| #define VERSION "0.0.0.5551"
| #define HAVE_LIBSSL 1
| #define HAVE_LIBPTHREAD 1
| #define HAVE_LIBRT 1
| #define HAVE_LIBIPQ 1
| #define HAVE_ARPA_INET_H 1
| #define HAVE_FCNTL_H 1
| #define HAVE_NETDB_H 1
| #define HAVE_NETINET_IN_H 1
| #define HAVE_STDLIB_H 1
| #define HAVE_STRING_H 1
| #define HAVE_SYS_SOCKET_H 1
| #define HAVE_SYS_TIME_H 1
| #define HAVE_UNISTD_H 1
| #define HAVE_STDBOOL_H 1
| #define TIME_WITH_SYS_TIME 1
| #define uid_t int
| #define gid_t int
| /* end confdefs.h.  */
| #include <stdio.h>
| #ifdef HAVE_SYS_TYPES_H
| # include <sys/types.h>
| #endif
| #ifdef HAVE_SYS_STAT_H
| # include <sys/stat.h>
| #endif
| #ifdef STDC_HEADERS
| # include <stdlib.h>
| # include <stddef.h>
| #else
| # ifdef HAVE_STDLIB_H
| #  include <stdlib.h>
| # endif
| #endif
| #ifdef HAVE_STRING_H
| # if !defined STDC_HEADERS && defined HAVE_MEMORY_H
| #  include <memory.h>
| # endif
| # include <string.h>
| #endif
| #ifdef HAVE_STRINGS_H
| # include <strings.h>
| #endif
| #ifdef HAVE_INTTYPES_H
| # include <inttypes.h>
| #endif
| #ifdef HAVE_STDINT_H
| # include <stdint.h>
| #endif
| #ifdef HAVE_UNISTD_H
| # include <unistd.h>
| #endif
| int
| main ()
| {
| static int test_array [1 - 2 * !(((unsigned char) -1 >> (32 / 2 - 1)) >> (32 / 2 - 1) == 3)];
| test_array [0] = 0
| 
|   ;
|   return 0;
| }
configure:6176: result: no
configure:6190: checking for uint8_t
configure:6190: g++ -c -g -O2  conftest.cpp >&5
In file included from /usr/include/stdlib.h:320,
                 from conftest.cpp:40:
/usr/include/sys/types.h:67: error: multiple types in one declaration
/usr/include/sys/types.h:67: error: declaration does not declare anything
/usr/include/sys/types.h:82: error: multiple types in one declaration
/usr/include/sys/types.h:82: error: declaration does not declare anything
conftest.cpp: In function 'int main()':
conftest.cpp:64: error: 'uint8_t' was not declared in this scope
conftest.cpp:65: error: 'test_array' was not declared in this scope
configure:6190: $? = 1
configure: failed program was:
| /* confdefs.h */
| #define PACKAGE_NAME "protlib-ka"
| #define PACKAGE_TARNAME "protlib-ka"
| #define PACKAGE_VERSION "0.0.0.5551"
| #define PACKAGE_STRING "protlib-ka 0.0.0.5551"
| #define PACKAGE_BUGREPORT "roland.bless@kit.edu"
| #define PACKAGE_URL ""
| #define PACKAGE "protlib-ka"
| #define VERSION "0.0.0.5551"
| #define HAVE_LIBSSL 1
| #define HAVE_LIBPTHREAD 1
| #define HAVE_LIBRT 1
| #define HAVE_LIBIPQ 1
| #define HAVE_ARPA_INET_H 1
| #define HAVE_FCNTL_H 1
| #define HAVE_NETDB_H 1
| #define HAVE_NETINET_IN_H 1
| #define HAVE_STDLIB_H 1
| #define HAVE_STRING_H 1
| #define HAVE_SYS_SOCKET_H 1
| #define HAVE_SYS_TIME_H 1
| #define HAVE_UNISTD_H 1
| #define HAVE_STDBOOL_H 1
| #define TIME_WITH_SYS_TIME 1
| #define uid_t int
| #define gid_t int
| /* end confdefs.h.  */
| #include <stdio.h>
| #ifdef HAVE_SYS_TYPES_H
| # include <sys/types.h>
| #endif
| #ifdef HAVE_SYS_STAT_H
| # include <sys/stat.h>
| #endif
| #ifdef STDC_HEADERS
| # include <stdlib.h>
| # include <stddef.h>
| #else
| # ifdef HAVE_STDLIB_H
| #  include <stdlib.h>
| # endif
| #endif
| #ifdef HAVE_STRING_H
| # if !defined STDC_HEADERS && defined HAVE_MEMORY_H
| #  include <memory.h>
| # endif
| # include <string.h>
| #endif
| #ifdef HAVE_STRINGS_H
| # include <strings.h>
| #endif
| #ifdef HAVE_INTTYPES_H
| # include <inttypes.h>
| #endif
| #ifdef HAVE_STDINT_H
| # include <stdint.h>
| #endif
| #ifdef HAVE_UNISTD_H
| # include <unistd.h>
| #endif
| int
| main ()
| {
| static int test_array [1 - 2 * !(((uint8_t) -1 >> (8 / 2 - 1)) >> (8 / 2 - 1) == 3)];
| test_array [0] = 0
| 
|   ;
|   return 0;
| }
configure:6190: g++ -c -g -O2  conftest.cpp >&5
In file included from /usr/include/stdlib.h:320,
                 from conftest.cpp:40:
/usr/include/sys/types.h:67: error: multiple types in one declaration
/usr/include/sys/types.h:67: error: declaration does not declare anything
/usr/include/sys/types.h:82: error: multiple types in one declaration
/usr/include/sys/types.h:82: error: declaration does not declare anything
conftest.cpp: In function 'int main()':
conftest.cpp:64: error: size of array 'test_array' is negative
configure:6190: $? = 1
configure: failed program was:
| /* confdefs.h */
| #define PACKAGE_NAME "protlib-ka"
| #define PACKAGE_TARNAME "protlib-ka"
| #define PACKAGE_VERSION "0.0.0.5551"
| #define PACKAGE_STRING "protlib-ka 0.0.0.5551"
| #define PACKAGE_BUGREPORT "roland.bless@kit.edu"
| #define PACKAGE_URL ""
| #define PACKAGE "protlib-ka"
| #define VERSION "0.0.0.5551"
| #define HAVE_LIBSSL 1
| #define HAVE_LIBPTHREAD 1
| #define HAVE_LIBRT 1
| #define HAVE_LIBIPQ 1
| #define HAVE_ARPA_INET_H 1
| #define HAVE_FCNTL_H 1
| #define HAVE_NETDB_H 1
| #define HAVE_NETINET_IN_H 1
| #define HAVE_STDLIB_H 1
| #define HAVE_STRING_H 1
| #define HAVE_SYS_SOCKET_H 1
| #define HAVE_SYS_TIME_H 1
| #define HAVE_UNISTD_H 1
| #define HAVE_STDBOOL_H 1
| #define TIME_WITH_SYS_TIME 1
| #define uid_t int
| #define gid_t int
| /* end confdefs.h.  */
| #include <stdio.h>
| #ifdef HAVE_SYS_TYPES_H
| # include <sys/types.h>
| #endif
| #ifdef HAVE_SYS_STAT_H
| # include <sys/stat.h>
| #endif
| #ifdef STDC_HEADERS
| # include <stdlib.h>
| # include <stddef.h>
| #else
| # ifdef HAVE_STDLIB_H
| #  include <stdlib.h>
| # endif
| #endif
| #ifdef HAVE_STRING_H
| # if !defined STDC_HEADERS && defined HAVE_MEMORY_H
| #  include <memory.h>
| # endif
| # include <string.h>
| #endif
| #ifdef HAVE_STRINGS_H
| # include <strings.h>
| #endif
| #ifdef HAVE_INTTYPES_H
| # include <inttypes.h>
| #endif
| #ifdef HAVE_STDINT_H
| # include <stdint.h>
| #endif
| #ifdef HAVE_UNISTD_H
| # include <unistd.h>
| #endif
| int
| main ()
| {
| static int test_array [1 - 2 * !(((unsigned int) -1 >> (8 / 2 - 1)) >> (8 / 2 - 1) == 3)];
| test_array [0] = 0
| 
|   ;
|   return 0;
| }
configure:6190: g++ -c -g -O2  conftest.cpp >&5
In file included from /usr/include/stdlib.h:320,
                 from conftest.cpp:40:
/usr/include/sys/types.h:67: error: multiple types in one declaration
/usr/include/sys/types.h:67: error: declaration does not declare anything
/usr/include/sys/types.h:82: error: multiple types in one declaration
/usr/include/sys/types.h:82: error: declaration does not declare anything
conftest.cpp: In function 'int main()':
conftest.cpp:64: error: size of array 'test_array' is negative
configure:6190: $? = 1
configure: failed program was:
| /* confdefs.h */
| #define PACKAGE_NAME "protlib-ka"
| #define PACKAGE_TARNAME "protlib-ka"
| #define PACKAGE_VERSION "0.0.0.5551"
| #define PACKAGE_STRING "protlib-ka 0.0.0.5551"
| #define PACKAGE_BUGREPORT "roland.bless@kit.edu"
| #define PACKAGE_URL ""
| #define PACKAGE "protlib-ka"
| #define VERSION "0.0.0.5551"
| #define HAVE_LIBSSL 1
| #define HAVE_LIBPTHREAD 1
| #define HAVE_LIBRT 1
| #define HAVE_LIBIPQ 1
| #define HAVE_ARPA_INET_H 1
| #define HAVE_FCNTL_H 1
| #define HAVE_NETDB_H 1
| #define HAVE_NETINET_IN_H 1
| #define HAVE_STDLIB_H 1
| #define HAVE_STRING_H 1
| #define HAVE_SYS_SOCKET_H 1
| #define HAVE_SYS_TIME_H 1
| #define HAVE_UNISTD_H 1
| #define HAVE_STDBOOL_H 1
| #define TIME_WITH_SYS_TIME 1
| #define uid_t int
| #define gid_t int
| /* end confdefs.h.  */
| #include <stdio.h>
| #ifdef HAVE_SYS_TYPES_H
| # include <sys/types.h>
| #endif
| #ifdef HAVE_SYS_STAT_H
| # include <sys/stat.h>
| #endif
| #ifdef STDC_HEADERS
| # include <stdlib.h>
| # include <stddef.h>
| #else
| # ifdef HAVE_STDLIB_H
| #  include <stdlib.h>
| # endif
| #endif
| #ifdef HAVE_STRING_H
| # if !defined STDC_HEADERS && defined HAVE_MEMORY_H
| #  include <memory.h>
| # endif
| # include <string.h>
| #endif
| #ifdef HAVE_STRINGS_H
| # include <strings.h>
| #endif
| #ifdef HAVE_INTTYPES_H
| # include <inttypes.h>
| #endif
| #ifdef HAVE_STDINT_H
| # include <stdint.h>
| #endif
| #ifdef HAVE_UNISTD_H
| # include <unistd.h>
| #endif
| int
| main ()
| {
| static int test_array [1 - 2 * !(((unsigned long int) -1 >> (8 / 2 - 1)) >> (8 / 2 - 1) == 3)];
| test_array [0] = 0
| 
|   ;
|   return 0;
| }
configure:6190: g++ -c -g -O2  conftest.cpp >&5
In file included from /usr/include/stdlib.h:320,
                 from conftest.cpp:40:
/usr/include/sys/types.h:67: error: multiple types in one declaration
/usr/include/sys/types.h:67: error: declaration does not declare anything
/usr/include/sys/types.h:82: error: multiple types in one declaration
/usr/include/sys/types.h:82: error: declaration does not declare anything
conftest.cpp: In function 'int main()':
conftest.cpp:64: error: size of array 'test_array' is negative
configure:6190: $? = 1
configure: failed program was:
| /* confdefs.h */
| #define PACKAGE_NAME "protlib-ka"
| #define PACKAGE_TARNAME "protlib-ka"
| #define PACKAGE_VERSION "0.0.0.5551"
| #define PACKAGE_STRING "protlib-ka 0.0.0.5551"
| #define PACKAGE_BUGREPORT "roland.bless@kit.edu"
| #define PACKAGE_URL ""
| #define PACKAGE "protlib-ka"
| #define VERSION "0.0.0.5551"
| #define HAVE_LIBSSL 1
| #define HAVE_LIBPTHREAD 1
| #define HAVE_LIBRT 1
| #define HAVE_LIBIPQ 1
| #define HAVE_ARPA_INET_H 1
| #define HAVE_FCNTL_H 1
| #define HAVE_NETDB_H 1
| #define HAVE_NETINET_IN_H 1
| #define HAVE_STDLIB_H 1
| #define HAVE_STRING_H 1
| #define HAVE_SYS_SOCKET_H 1
| #define HAVE_SYS_TIME_H 1
| #define HAVE_UNISTD_H 1
| #define HAVE_STDBOOL_H 1
| #define TIME_WITH_SYS_TIME 1
| #define uid_t int
| #define gid_t int
| /* end confdefs.h.  */
| #include <stdio.h>
| #ifdef HAVE_SYS_TYPES_H
| # include <sys/types.h>
| #endif
| #ifdef HAVE_SYS_STAT_H
| # include <sys/stat.h>
| #endif
| #ifdef STDC_HEADERS
| # include <stdlib.h>
| # include <stddef.h>
| #else
| # ifdef HAVE_STDLIB_H
| #  include <stdlib.h>
| # endif
| #endif
| #ifdef HAVE_STRING_H
| # if !defined STDC_HEADERS && defined HAVE_MEMORY_H
| #  include <memory.h>
| # endif
| # include <string.h>
| #endif
| #ifdef HAVE_STRINGS_H
| # include <strings.h>
| #endif
| #ifdef HAVE_INTTYPES_H
| # include <inttypes.h>
| #endif
| #ifdef HAVE_STDINT_H
| # include <stdint.h>
| #endif
| #ifdef HAVE_UNISTD_H
| # include <unistd.h>
| #endif
| int
| main ()
| {
| static int test_array [1 - 2 * !(((unsigned long long int) -1 >> (8 / 2 - 1)) >> (8 / 2 - 1) == 3)];
| test_array [0] = 0
| 
|   ;
|   return 0;
| }
configure:6190: g++ -c -g -O2  conftest.cpp >&5
In file included from /usr/include/stdlib.h:320,
                 from conftest.cpp:40:
/usr/include/sys/types.h:67: error: multiple types in one declaration
/usr/include/sys/types.h:67: error: declaration does not declare anything
/usr/include/sys/types.h:82: error: multiple types in one declaration
/usr/include/sys/types.h:82: error: declaration does not declare anything
conftest.cpp: In function 'int main()':
conftest.cpp:64: error: size of array 'test_array' is negative
configure:6190: $? = 1
configure: failed program was:
| /* confdefs.h */
| #define PACKAGE_NAME "protlib-ka"
| #define PACKAGE_TARNAME "protlib-ka"
| #define PACKAGE_VERSION "0.0.0.5551"
| #define PACKAGE_STRING "protlib-ka 0.0.0.5551"
| #define PACKAGE_BUGREPORT "roland.bless@kit.edu"
| #define PACKAGE_URL ""
| #define PACKAGE "protlib-ka"
| #define VERSION "0.0.0.5551"
| #define HAVE_LIBSSL 1
| #define HAVE_LIBPTHREAD 1
| #define HAVE_LIBRT 1
| #define HAVE_LIBIPQ 1
| #define HAVE_ARPA_INET_H 1
| #define HAVE_FCNTL_H 1
| #define HAVE_NETDB_H 1
| #define HAVE_NETINET_IN_H 1
| #define HAVE_STDLIB_H 1
| #define HAVE_STRING_H 1
| #define HAVE_SYS_SOCKET_H 1
| #define HAVE_SYS_TIME_H 1
| #define HAVE_UNISTD_H 1
| #define HAVE_STDBOOL_H 1
| #define TIME_WITH_SYS_TIME 1
| #define uid_t int
| #define gid_t int
| /* end confdefs.h.  */
| #include <stdio.h>
| #ifdef HAVE_SYS_TYPES_H
| # include <sys/types.h>
| #endif
| #ifdef HAVE_SYS_STAT_H
| # include <sys/stat.h>
| #endif
| #ifdef STDC_HEADERS
| # include <stdlib.h>
| # include <stddef.h>
| #else
| # ifdef HAVE_STDLIB_H
| #  include <stdlib.h>
| # endif
| #endif
| #ifdef HAVE_STRING_H
| # if !defined STDC_HEADERS && defined HAVE_MEMORY_H
| #  include <memory.h>
| # endif
| # include <string.h>
| #endif
| #ifdef HAVE_STRINGS_H
| # include <strings.h>
| #endif
| #ifdef HAVE_INTTYPES_H
| # include <inttypes.h>
| #endif
| #ifdef HAVE_STDINT_H
| # include <stdint.h>
| #endif
| #ifdef HAVE_UNISTD_H
| # include <unistd.h>
| #endif
| int
| main ()
| {
| static int test_array [1 - 2 * !(((unsigned short int) -1 >> (8 / 2 - 1)) >> (8 / 2 - 1) == 3)];
| test_array [0] = 0
| 
|   ;
|   return 0;
| }
configure:6190: g++ -c -g -O2  conftest.cpp >&5
In file included from /usr/include/stdlib.h:320,
                 from conftest.cpp:40:
/usr/include/sys/types.h:67: error: multiple types in one declaration
/usr/include/sys/types.h:67: error: declaration does not declare anything
/usr/include/sys/types.h:82: error: multiple types in one declaration
/usr/include/sys/types.h:82: error: declaration does not declare anything
configure:6190: $? = 1
configure: failed program was:
| /* confdefs.h */
| #define PACKAGE_NAME "protlib-ka"
| #define PACKAGE_TARNAME "protlib-ka"
| #define PACKAGE_VERSION "0.0.0.5551"
| #define PACKAGE_STRING "protlib-ka 0.0.0.5551"
| #define PACKAGE_BUGREPORT "roland.bless@kit.edu"
| #define PACKAGE_URL ""
| #define PACKAGE "protlib-ka"
| #define VERSION "0.0.0.5551"
| #define HAVE_LIBSSL 1
| #define HAVE_LIBPTHREAD 1
| #define HAVE_LIBRT 1
| #define HAVE_LIBIPQ 1
| #define HAVE_ARPA_INET_H 1
| #define HAVE_FCNTL_H 1
| #define HAVE_NETDB_H 1
| #define HAVE_NETINET_IN_H 1
| #define HAVE_STDLIB_H 1
| #define HAVE_STRING_H 1
| #define HAVE_SYS_SOCKET_H 1
| #define HAVE_SYS_TIME_H 1
| #define HAVE_UNISTD_H 1
| #define HAVE_STDBOOL_H 1
| #define TIME_WITH_SYS_TIME 1
| #define uid_t int
| #define gid_t int
| /* end confdefs.h.  */
| #include <stdio.h>
| #ifdef HAVE_SYS_TYPES_H
| # include <sys/types.h>
| #endif
| #ifdef HAVE_SYS_STAT_H
| # include <sys/stat.h>
| #endif
| #ifdef STDC_HEADERS
| # include <stdlib.h>
| # include <stddef.h>
| #else
| # ifdef HAVE_STDLIB_H
| #  include <stdlib.h>
| # endif
| #endif
| #ifdef HAVE_STRING_H
| # if !defined STDC_HEADERS && defined HAVE_MEMORY_H
| #  include <memory.h>
| # endif
| # include <string.h>
| #endif
| #ifdef HAVE_STRINGS_H
| # include <strings.h>
| #endif
| #ifdef HAVE_INTTYPES_H
| # include <inttypes.h>
| #endif
| #ifdef HAVE_STDINT_H
| # include <stdint.h>
| #endif
| #ifdef HAVE_UNISTD_H
| # include <unistd.h>
| #endif
| int
| main ()
| {
| static int test_array [1 - 2 * !(((unsigned char) -1 >> (8 / 2 - 1)) >> (8 / 2 - 1) == 3)];
| test_array [0] = 0
| 
|   ;
|   return 0;
| }
configure:6190: result: no
configure:6208: checking for stdlib.h
configure:6208: result: yes
configure:6218: checking for GNU libc compatible malloc
configure:6242: g++ -o conftest -g -O2   conftest.cpp -lipq -lrt -lpthread -lssl  >&5
In file included from /usr/include/stdlib.h:320,
                 from conftest.cpp:30:
/usr/include/sys/types.h:67: error: multiple types in one declaration
/usr/include/sys/types.h:67: error: declaration does not declare anything
/usr/include/sys/types.h:82: error: multiple types in one declaration
/usr/include/sys/types.h:82: error: declaration does not declare anything
configure:6242: $? = 1
configure: program exited with status 1
configure: failed program was:
| /* confdefs.h */
| #define PACKAGE_NAME "protlib-ka"
| #define PACKAGE_TARNAME "protlib-ka"
| #define PACKAGE_VERSION "0.0.0.5551"
| #define PACKAGE_STRING "protlib-ka 0.0.0.5551"
| #define PACKAGE_BUGREPORT "roland.bless@kit.edu"
| #define PACKAGE_URL ""
| #define PACKAGE "protlib-ka"
| #define VERSION "0.0.0.5551"
| #define HAVE_LIBSSL 1
| #define HAVE_LIBPTHREAD 1
| #define HAVE_LIBRT 1
| #define HAVE_LIBIPQ 1
| #define HAVE_ARPA_INET_H 1
| #define HAVE_FCNTL_H 1
| #define HAVE_NETDB_H 1
| #define HAVE_NETINET_IN_H 1
| #define HAVE_STDLIB_H 1
| #define HAVE_STRING_H 1
| #define HAVE_SYS_SOCKET_H 1
| #define HAVE_SYS_TIME_H 1
| #define HAVE_UNISTD_H 1
| #define HAVE_STDBOOL_H 1
| #define TIME_WITH_SYS_TIME 1
| #define uid_t int
| #define gid_t int
| #define HAVE_STDLIB_H 1
| /* end confdefs.h.  */
| #if defined STDC_HEADERS || defined HAVE_STDLIB_H
| # include <stdlib.h>
| #else
| char *malloc ();
| #endif
| 
| int
| main ()
| {
| return ! malloc (0);
|   ;
|   return 0;
| }
configure:6252: result: no
configure:6273: checking for working memcmp
configure:6316: g++ -o conftest -g -O2   conftest.cpp -lipq -lrt -lpthread -lssl  >&5
In file included from /usr/include/stdlib.h:320,
                 from conftest.cpp:43:
/usr/include/sys/types.h:67: error: multiple types in one declaration
/usr/include/sys/types.h:67: error: declaration does not declare anything
/usr/include/sys/types.h:82: error: multiple types in one declaration
/usr/include/sys/types.h:82: error: declaration does not declare anything
configure:6316: $? = 1
configure: program exited with status 1
configure: failed program was:
| /* confdefs.h */
| #define PACKAGE_NAME "protlib-ka"
| #define PACKAGE_TARNAME "protlib-ka"
| #define PACKAGE_VERSION "0.0.0.5551"
| #define PACKAGE_STRING "protlib-ka 0.0.0.5551"
| #define PACKAGE_BUGREPORT "roland.bless@kit.edu"
| #define PACKAGE_URL ""
| #define PACKAGE "protlib-ka"
| #define VERSION "0.0.0.5551"
| #define HAVE_LIBSSL 1
| #define HAVE_LIBPTHREAD 1
| #define HAVE_LIBRT 1
| #define HAVE_LIBIPQ 1
| #define HAVE_ARPA_INET_H 1
| #define HAVE_FCNTL_H 1
| #define HAVE_NETDB_H 1
| #define HAVE_NETINET_IN_H 1
| #define HAVE_STDLIB_H 1
| #define HAVE_STRING_H 1
| #define HAVE_SYS_SOCKET_H 1
| #define HAVE_SYS_TIME_H 1
| #define HAVE_UNISTD_H 1
| #define HAVE_STDBOOL_H 1
| #define TIME_WITH_SYS_TIME 1
| #define uid_t int
| #define gid_t int
| #define HAVE_STDLIB_H 1
| #define HAVE_MALLOC 0
| #define malloc rpl_malloc
| /* end confdefs.h.  */
| #include <stdio.h>
| #ifdef HAVE_SYS_TYPES_H
| # include <sys/types.h>
| #endif
| #ifdef HAVE_SYS_STAT_H
| # include <sys/stat.h>
| #endif
| #ifdef STDC_HEADERS
| # include <stdlib.h>
| # include <stddef.h>
| #else
| # ifdef HAVE_STDLIB_H
| #  include <stdlib.h>
| # endif
| #endif
| #ifdef HAVE_STRING_H
| # if !defined STDC_HEADERS && defined HAVE_MEMORY_H
| #  include <memory.h>
| # endif
| # include <string.h>
| #endif
| #ifdef HAVE_STRINGS_H
| # include <strings.h>
| #endif
| #ifdef HAVE_INTTYPES_H
| # include <inttypes.h>
| #endif
| #ifdef HAVE_STDINT_H
| # include <stdint.h>
| #endif
| #ifdef HAVE_UNISTD_H
| # include <unistd.h>
| #endif
| int
| main ()
| {
| 
|   /* Some versions of memcmp are not 8-bit clean.  */
|   char c0 = '\100', c1 = '\200', c2 = '\201';
|   if (memcmp(&c0, &c2, 1) >= 0 || memcmp(&c1, &c2, 1) >= 0)
|     return 1;
| 
|   /* The Next x86 OpenStep bug shows up only when comparing 16 bytes
|      or more and with at least one buffer not starting on a 4-byte boundary.
|      William Lewis provided this test program.   */
|   {
|     char foo[21];
|     char bar[21];
|     int i;
|     for (i = 0; i < 4; i++)
|       {
| 	char *a = foo + i;
| 	char *b = bar + i;
| 	strcpy (a, "--------01111111");
| 	strcpy (b, "--------10000000");
| 	if (memcmp (a, b, 16) >= 0)
| 	  return 1;
|       }
|     return 0;
|   }
| 
|   ;
|   return 0;
| }
configure:6326: result: no
configure:6335: checking return type of signal handlers
configure:6353: g++ -c -g -O2  conftest.cpp >&5
In file included from conftest.cpp:31:
/usr/include/sys/types.h:67: error: multiple types in one declaration
/usr/include/sys/types.h:67: error: declaration does not declare anything
/usr/include/sys/types.h:82: error: multiple types in one declaration
/usr/include/sys/types.h:82: error: declaration does not declare anything
conftest.cpp: In function 'int main()':
conftest.cpp:37: error: void value not ignored as it ought to be
configure:6353: $? = 1
configure: failed program was:
| /* confdefs.h */
| #define PACKAGE_NAME "protlib-ka"
| #define PACKAGE_TARNAME "protlib-ka"
| #define PACKAGE_VERSION "0.0.0.5551"
| #define PACKAGE_STRING "protlib-ka 0.0.0.5551"
| #define PACKAGE_BUGREPORT "roland.bless@kit.edu"
| #define PACKAGE_URL ""
| #define PACKAGE "protlib-ka"
| #define VERSION "0.0.0.5551"
| #define HAVE_LIBSSL 1
| #define HAVE_LIBPTHREAD 1
| #define HAVE_LIBRT 1
| #define HAVE_LIBIPQ 1
| #define HAVE_ARPA_INET_H 1
| #define HAVE_FCNTL_H 1
| #define HAVE_NETDB_H 1
| #define HAVE_NETINET_IN_H 1
| #define HAVE_STDLIB_H 1
| #define HAVE_STRING_H 1
| #define HAVE_SYS_SOCKET_H 1
| #define HAVE_SYS_TIME_H 1
| #define HAVE_UNISTD_H 1
| #define HAVE_STDBOOL_H 1
| #define TIME_WITH_SYS_TIME 1
| #define uid_t int
| #define gid_t int
| #define HAVE_STDLIB_H 1
| #define HAVE_MALLOC 0
| #define malloc rpl_malloc
| /* end confdefs.h.  */
| #include <sys/types.h>
| #include <signal.h>
| 
| int
| main ()
| {
| return *(signal (0, 0)) (0) == 1;
|   ;
|   return 0;
| }
configure:6360: result: void
configure:6368: checking whether strerror_r is declared
configure:6368: g++ -c -g -O2  conftest.cpp >&5
In file included from /usr/include/stdlib.h:320,
                 from conftest.cpp:44:
/usr/include/sys/types.h:67: error: multiple types in one declaration
/usr/include/sys/types.h:67: error: declaration does not declare anything
/usr/include/sys/types.h:82: error: multiple types in one declaration
/usr/include/sys/types.h:82: error: declaration does not declare anything
configure:6368: $? = 1
configure: failed program was:
| /* confdefs.h */
| #define PACKAGE_NAME "protlib-ka"
| #define PACKAGE_TARNAME "protlib-ka"
| #define PACKAGE_VERSION "0.0.0.5551"
| #define PACKAGE_STRING "protlib-ka 0.0.0.5551"
| #define PACKAGE_BUGREPORT "roland.bless@kit.edu"
| #define PACKAGE_URL ""
| #define PACKAGE "protlib-ka"
| #define VERSION "0.0.0.5551"
| #define HAVE_LIBSSL 1
| #define HAVE_LIBPTHREAD 1
| #define HAVE_LIBRT 1
| #define HAVE_LIBIPQ 1
| #define HAVE_ARPA_INET_H 1
| #define HAVE_FCNTL_H 1
| #define HAVE_NETDB_H 1
| #define HAVE_NETINET_IN_H 1
| #define HAVE_STDLIB_H 1
| #define HAVE_STRING_H 1
| #define HAVE_SYS_SOCKET_H 1
| #define HAVE_SYS_TIME_H 1
| #define HAVE_UNISTD_H 1
| #define HAVE_STDBOOL_H 1
| #define TIME_WITH_SYS_TIME 1
| #define uid_t int
| #define gid_t int
| #define HAVE_STDLIB_H 1
| #define HAVE_MALLOC 0
| #define malloc rpl_malloc
| #define RETSIGTYPE void
| /* end confdefs.h.  */
| #include <stdio.h>
| #ifdef HAVE_SYS_TYPES_H
| # include <sys/types.h>
| #endif
| #ifdef HAVE_SYS_STAT_H
| # include <sys/stat.h>
| #endif
| #ifdef STDC_HEADERS
| # include <stdlib.h>
| # include <stddef.h>
| #else
| # ifdef HAVE_STDLIB_H
| #  include <stdlib.h>
| # endif
| #endif
| #ifdef HAVE_STRING_H
| # if !defined STDC_HEADERS && defined HAVE_MEMORY_H
| #  include <memory.h>
| # endif
| # include <string.h>
| #endif
| #ifdef HAVE_STRINGS_H
| # include <strings.h>
| #endif
| #ifdef HAVE_INTTYPES_H
| # include <inttypes.h>
| #endif
| #ifdef HAVE_STDINT_H
| # include <stdint.h>
| #endif
| #ifdef HAVE_UNISTD_H
| # include <unistd.h>
| #endif
| int
| main ()
| {
| #ifndef strerror_r
|   (void) strerror_r;
| #endif
| 
|   ;
|   return 0;
| }
configure:6368: result: no
configure:6381: checking for strerror_r
configure:6381: g++ -o conftest -g -O2   conftest.cpp -lipq -lrt -lpthread -lssl  >&5
configure:6381: $? = 0
configure:6381: result: yes
configure:6390: checking whether strerror_r returns char *
configure:6442: g++ -o conftest -g -O2   conftest.cpp -lipq -lrt -lpthread -lssl  >&5
In file included from /usr/include/stdlib.h:320,
                 from conftest.cpp:46:
/usr/include/sys/types.h:67: error: multiple types in one declaration
/usr/include/sys/types.h:67: error: declaration does not declare anything
/usr/include/sys/types.h:82: error: multiple types in one declaration
/usr/include/sys/types.h:82: error: declaration does not declare anything
conftest.cpp: In function 'int main()':
conftest.cpp:73: error: 'isalpha' was not declared in this scope
configure:6442: $? = 1
configure: program exited with status 1
configure: failed program was:
| /* confdefs.h */
| #define PACKAGE_NAME "protlib-ka"
| #define PACKAGE_TARNAME "protlib-ka"
| #define PACKAGE_VERSION "0.0.0.5551"
| #define PACKAGE_STRING "protlib-ka 0.0.0.5551"
| #define PACKAGE_BUGREPORT "roland.bless@kit.edu"
| #define PACKAGE_URL ""
| #define PACKAGE "protlib-ka"
| #define VERSION "0.0.0.5551"
| #define HAVE_LIBSSL 1
| #define HAVE_LIBPTHREAD 1
| #define HAVE_LIBRT 1
| #define HAVE_LIBIPQ 1
| #define HAVE_ARPA_INET_H 1
| #define HAVE_FCNTL_H 1
| #define HAVE_NETDB_H 1
| #define HAVE_NETINET_IN_H 1
| #define HAVE_STDLIB_H 1
| #define HAVE_STRING_H 1
| #define HAVE_SYS_SOCKET_H 1
| #define HAVE_SYS_TIME_H 1
| #define HAVE_UNISTD_H 1
| #define HAVE_STDBOOL_H 1
| #define TIME_WITH_SYS_TIME 1
| #define uid_t int
| #define gid_t int
| #define HAVE_STDLIB_H 1
| #define HAVE_MALLOC 0
| #define malloc rpl_malloc
| #define RETSIGTYPE void
| #define HAVE_DECL_STRERROR_R 0
| #define HAVE_STRERROR_R 1
| /* end confdefs.h.  */
| #include <stdio.h>
| #ifdef HAVE_SYS_TYPES_H
| # include <sys/types.h>
| #endif
| #ifdef HAVE_SYS_STAT_H
| # include <sys/stat.h>
| #endif
| #ifdef STDC_HEADERS
| # include <stdlib.h>
| # include <stddef.h>
| #else
| # ifdef HAVE_STDLIB_H
| #  include <stdlib.h>
| # endif
| #endif
| #ifdef HAVE_STRING_H
| # if !defined STDC_HEADERS && defined HAVE_MEMORY_H
| #  include <memory.h>
| # endif
| # include <string.h>
| #endif
| #ifdef HAVE_STRINGS_H
| # include <strings.h>
| #endif
| #ifdef HAVE_INTTYPES_H
| # include <inttypes.h>
| #endif
| #ifdef HAVE_STDINT_H
| # include <stdint.h>
| #endif
| #ifdef HAVE_UNISTD_H
| # include <unistd.h>
| #endif
| 	extern char *strerror_r ();
| int
| main ()
| {
| char buf[100];
| 	  char x = *strerror_r (0, buf, sizeof buf);
| 	  return ! isalpha (x);
|   ;
|   return 0;
| }
configure:6452: result: no
configure:6462: checking for strftime
configure:6462: g++ -o conftest -g -O2   conftest.cpp -lipq -lrt -lpthread -lssl  >&5
configure:6462: $? = 0
configure:6462: result: yes
configure:6518: checking for clock_gettime
configure:6518: g++ -o conftest -g -O2   conftest.cpp -lipq -lrt -lpthread -lssl  >&5
configure:6518: $? = 0
configure:6518: result: yes
configure:6518: checking for gethostname
configure:6518: g++ -o conftest -g -O2   conftest.cpp -lipq -lrt -lpthread -lssl  >&5
configure:6518: $? = 0
configure:6518: result: yes
configure:6518: checking for gettimeofday
configure:6518: g++ -o conftest -g -O2   conftest.cpp -lipq -lrt -lpthread -lssl  >&5
configure:6518: $? = 0
configure:6518: result: yes
configure:6518: checking for memmove
configure:6518: g++ -o conftest -g -O2   conftest.cpp -lipq -lrt -lpthread -lssl  >&5
configure:6518: $? = 0
configure:6518: result: yes
configure:6518: checking for memset
configure:6518: g++ -o conftest -g -O2   conftest.cpp -lipq -lrt -lpthread -lssl  >&5
configure:6518: $? = 0
configure:6518: result: yes
configure:6518: checking for socket
configure:6518: g++ -o conftest -g -O2   conftest.cpp -lipq -lrt -lpthread -lssl  >&5
configure:6518: $? = 0
configure:6518: result: yes
configure:6518: checking for strchr
configure:6518: g++ -o conftest -g -O2   conftest.cpp -lipq -lrt -lpthread -lssl  >&5
configure:6518: $? = 0
configure:6518: result: yes
configure:6518: checking for strerror
configure:6518: g++ -o conftest -g -O2   conftest.cpp -lipq -lrt -lpthread -lssl  >&5
configure:6518: $? = 0
configure:6518: result: yes
configure:6518: checking for strtol
configure:6518: g++ -o conftest -g -O2   conftest.cpp -lipq -lrt -lpthread -lssl  >&5
configure:6518: $? = 0
configure:6518: result: yes
configure:6589: checking for pkg-config
configure:6607: found /usr/bin/pkg-config
configure:6619: result: /usr/bin/pkg-config
configure:6644: checking pkg-config is at least version 0.9.0
configure:6647: result: yes
configure:6658: checking for CPPUNIT
configure:6666: $PKG_CONFIG --exists --print-errors "cppunit"
Package cppunit was not found in the pkg-config search path.
Perhaps you should add the directory containing `cppunit.pc'
to the PKG_CONFIG_PATH environment variable
No package 'cppunit' found
configure:6669: $? = 1
configure:6684: $PKG_CONFIG --exists --print-errors "cppunit"
Package cppunit was not found in the pkg-config search path.
Perhaps you should add the directory containing `cppunit.pc'
to the PKG_CONFIG_PATH environment variable
No package 'cppunit' found
configure:6687: $? = 1
No package 'cppunit' found
configure:6715: result: no
configure:6717: WARNING: No package 'cppunit' found. Make target 'check' will fail!
configure:6884: creating ./config.status

## ---------------------- ##
## Running config.status. ##
## ---------------------- ##

This file was extended by protlib-ka config.status 0.0.0.5551, which was
generated by GNU Autoconf 2.65.  Invocation command line was

  CONFIG_FILES    = 
  CONFIG_HEADERS  = 
  CONFIG_LINKS    = 
  CONFIG_COMMANDS = 
  $ ./config.status 

on itajai

config.status:904: creating Makefile
config.status:904: creating fastqueue/Makefile
config.status:904: creating src/Makefile
config.status:904: creating test/Makefile
config.status:904: creating config.h
config.status:1124: executing depfiles commands

## ---------------- ##
## Cache variables. ##
## ---------------- ##

ac_cv_c_compiler_gnu=yes
ac_cv_c_const=yes
ac_cv_c_inline=inline
ac_cv_c_int32_t=yes
ac_cv_c_int64_t=yes
ac_cv_c_uint16_t=no
ac_cv_c_uint32_t=no
ac_cv_c_uint8_t=no
ac_cv_cxx_compiler_gnu=yes
ac_cv_env_CCC_set=
ac_cv_env_CCC_value=
ac_cv_env_CC_set=
ac_cv_env_CC_value=
ac_cv_env_CFLAGS_set=
ac_cv_env_CFLAGS_value=
ac_cv_env_CPPFLAGS_set=
ac_cv_env_CPPFLAGS_value=
ac_cv_env_CPPUNIT_CFLAGS_set=
ac_cv_env_CPPUNIT_CFLAGS_value=
ac_cv_env_CPPUNIT_LIBS_set=
ac_cv_env_CPPUNIT_LIBS_value=
ac_cv_env_CPP_set=
ac_cv_env_CPP_value=
ac_cv_env_CXXCPP_set=
ac_cv_env_CXXCPP_value=
ac_cv_env_CXXFLAGS_set=
ac_cv_env_CXXFLAGS_value=
ac_cv_env_CXX_set=
ac_cv_env_CXX_value=
ac_cv_env_LDFLAGS_set=
ac_cv_env_LDFLAGS_value=
ac_cv_env_LIBS_set=
ac_cv_env_LIBS_value=
ac_cv_env_PKG_CONFIG_set=
ac_cv_env_PKG_CONFIG_value=
ac_cv_env_build_alias_set=
ac_cv_env_build_alias_value=
ac_cv_env_host_alias_set=
ac_cv_env_host_alias_value=
ac_cv_env_target_alias_set=
ac_cv_env_target_alias_value=
ac_cv_file__usr_include_libipq=no
ac_cv_func_clock_gettime=yes
ac_cv_func_gethostname=yes
ac_cv_func_gettimeofday=yes
ac_cv_func_inet6_opt_init=yes
ac_cv_func_malloc_0_nonnull=no
ac_cv_func_memcmp_working=no
ac_cv_func_memmove=yes
ac_cv_func_memset=yes
ac_cv_func_socket=yes
ac_cv_func_strchr=yes
ac_cv_func_strerror=yes
ac_cv_func_strerror_r=yes
ac_cv_func_strerror_r_char_p=no
ac_cv_func_strftime=yes
ac_cv_func_strtol=yes
ac_cv_have_decl_strerror_r=no
ac_cv_header_arpa_inet_h=yes
ac_cv_header_fcntl_h=yes
ac_cv_header_netdb_h=yes
ac_cv_header_netinet_in_h=yes
ac_cv_header_stdbool_h=yes
ac_cv_header_stdc=no
ac_cv_header_stdlib_h=yes
ac_cv_header_string_h=yes
ac_cv_header_sys_socket_h=yes
ac_cv_header_sys_time_h=yes
ac_cv_header_time=yes
ac_cv_header_unistd_h=yes
ac_cv_lib_ipq_ipq_get_packet=yes
ac_cv_lib_pthread_pthread_create=yes
ac_cv_lib_rt_clock_gettime=yes
ac_cv_lib_ssl_SSL_CTX_new=yes
ac_cv_objext=o
ac_cv_path_ac_pt_PKG_CONFIG=/usr/bin/pkg-config
ac_cv_path_install='/usr/bin/install -c'
ac_cv_path_mkdir=/bin/mkdir
ac_cv_prog_AWK=gawk
ac_cv_prog_CXXCPP='g++ -E'
ac_cv_prog_ac_ct_CC=gcc
ac_cv_prog_ac_ct_CXX=g++
ac_cv_prog_ac_ct_RANLIB=ranlib
ac_cv_prog_cc_c89=
ac_cv_prog_cc_g=yes
ac_cv_prog_cxx_g=yes
ac_cv_prog_make_make_set=yes
ac_cv_struct_tm=time.h
ac_cv_type__Bool=no
ac_cv_type_signal=void
ac_cv_type_size_t=yes
ac_cv_type_uid_t=no
ac_cv_unordered_map_exists=yes
am_cv_CC_dependencies_compiler_type=gcc3
am_cv_CXX_dependencies_compiler_type=gcc3

## ----------------- ##
## Output variables. ##
## ----------------- ##

ACLOCAL='${SHELL} /home/allan/DevelopmentProjects/ReVir-UFPe/nsis-ka/missing --run aclocal-1.11'
AMDEPBACKSLASH='\'
AMDEP_FALSE='#'
AMDEP_TRUE=''
AMTAR='${SHELL} /home/allan/DevelopmentProjects/ReVir-UFPe/nsis-ka/missing --run tar'
AM_BACKSLASH='\'
AM_DEFAULT_VERBOSITY='0'
AUTOCONF='${SHELL} /home/allan/DevelopmentProjects/ReVir-UFPe/nsis-ka/missing --run autoconf'
AUTOHEADER='${SHELL} /home/allan/DevelopmentProjects/ReVir-UFPe/nsis-ka/missing --run autoheader'
AUTOMAKE='${SHELL} /home/allan/DevelopmentProjects/ReVir-UFPe/nsis-ka/missing --run automake-1.11'
AWK='gawk'
CC='gcc'
CCDEPMODE='depmode=gcc3'
CFLAGS='-g -O2'
CPP=''
CPPFLAGS=''
CPPUNIT_CFLAGS=''
CPPUNIT_LIBS=''
CXX='g++'
CXXCPP='g++ -E'
CXXDEPMODE='depmode=gcc3'
CXXFLAGS='-g -O2'
CYGPATH_W='echo'
DEFS='-DHAVE_CONFIG_H'
DEPDIR='.deps'
ECHO_C=''
ECHO_N='-n'
ECHO_T=''
EGREP=''
EXEEXT=''
GREP=''
INSTALL_DATA='${INSTALL} -m 644'
INSTALL_PROGRAM='${INSTALL}'
INSTALL_SCRIPT='${INSTALL}'
INSTALL_STRIP_PROGRAM='$(install_sh) -c -s'
LDFLAGS=''
LIBOBJS=' ${LIBOBJDIR}malloc$U.o ${LIBOBJDIR}memcmp$U.o'
LIBS='-lipq -lrt -lpthread -lssl '
LTLIBOBJS=' ${LIBOBJDIR}malloc$U.lo ${LIBOBJDIR}memcmp$U.lo'
MAKEINFO='${SHELL} /home/allan/DevelopmentProjects/ReVir-UFPe/nsis-ka/missing --run makeinfo'
MKDIR_P='/bin/mkdir -p'
NETFILTER_QUEUE_INCLUDE=''
OBJEXT='o'
PACKAGE='protlib-ka'
PACKAGE_BUGREPORT='roland.bless@kit.edu'
PACKAGE_NAME='protlib-ka'
PACKAGE_STRING='protlib-ka 0.0.0.5551'
PACKAGE_TARNAME='protlib-ka'
PACKAGE_URL=''
PACKAGE_VERSION='0.0.0.5551'
PATH_SEPARATOR=':'
PKG_CONFIG='/usr/bin/pkg-config'
PROTLIB_DEBUG_FALSE='#'
PROTLIB_DEBUG_TRUE=''
PROTLIB_DISABLE_LOGGING_FALSE=''
PROTLIB_DISABLE_LOGGING_TRUE='#'
PROTLIB_NO_WARN_HASHMAP_FALSE='#'
PROTLIB_NO_WARN_HASHMAP_TRUE=''
PROTLIB_WITH_NFQ_FALSE=''
PROTLIB_WITH_NFQ_TRUE='#'
PROTLIB_WITH_SCTP_KERN_FALSE=''
PROTLIB_WITH_SCTP_KERN_TRUE='#'
RANLIB='ranlib'
SET_MAKE=''
SHELL='/bin/bash'
STRIP=''
USE_RFC2292_FALSE=''
USE_RFC2292_TRUE='#'
USE_UNORDERED_MAP_FALSE='#'
USE_UNORDERED_MAP_TRUE=''
VERSION='0.0.0.5551'
ac_ct_CC='gcc'
ac_ct_CXX='g++'
am__EXEEXT_FALSE=''
am__EXEEXT_TRUE='#'
am__fastdepCC_FALSE='#'
am__fastdepCC_TRUE=''
am__fastdepCXX_FALSE='#'
am__fastdepCXX_TRUE=''
am__include='include'
am__isrc=''
am__leading_dot='.'
am__quote=''
am__tar='${AMTAR} chof - "$$tardir"'
am__untar='${AMTAR} xf -'
bindir='${exec_prefix}/bin'
build_alias=''
datadir='${datarootdir}'
datarootdir='${prefix}/share'
docdir='${datarootdir}/doc/${PACKAGE_TARNAME}'
dvidir='${docdir}'
exec_prefix='${prefix}'
host_alias=''
htmldir='${docdir}'
includedir='${prefix}/include'
infodir='${datarootdir}/info'
install_sh='${SHELL} /home/allan/DevelopmentProjects/ReVir-UFPe/nsis-ka/install-sh'
libdir='${exec_prefix}/lib'
libexecdir='${exec_prefix}/libexec'
localedir='${datarootdir}/locale'
localstatedir='${prefix}/var'
mandir='${datarootdir}/man'
mkdir_p='/bin/mkdir -p'
oldincludedir='/usr/include'
pdfdir='${docdir}'
prefix='/usr/local'
program_transform_name='s,x,x,'
psdir='${docdir}'
sbindir='${exec_prefix}/sbin'
sharedstatedir='${prefix}/com'
sysconfdir='${prefix}/etc'
target_alias=''

## ----------- ##
## confdefs.h. ##
## ----------- ##

/* confdefs.h */
#define PACKAGE_NAME "protlib-ka"
#define PACKAGE_TARNAME "protlib-ka"
#define PACKAGE_VERSION "0.0.0.5551"
#define PACKAGE_STRING "protlib-ka 0.0.0.5551"
#define PACKAGE_BUGREPORT "roland.bless@kit.edu"
#define PACKAGE_URL ""
#define PACKAGE "protlib-ka"
#define VERSION "0.0.0.5551"
#define HAVE_LIBSSL 1
#define HAVE_LIBPTHREAD 1
#define HAVE_LIBRT 1
#define HAVE_LIBIPQ 1
#define HAVE_ARPA_INET_H 1
#define HAVE_FCNTL_H 1
#define HAVE_NETDB_H 1
#define HAVE_NETINET_IN_H 1
#define HAVE_STDLIB_H 1
#define HAVE_STRING_H 1
#define HAVE_SYS_SOCKET_H 1
#define HAVE_SYS_TIME_H 1
#define HAVE_UNISTD_H 1
#define HAVE_STDBOOL_H 1
#define TIME_WITH_SYS_TIME 1
#define uid_t int
#define gid_t int
#define HAVE_STDLIB_H 1
#define HAVE_MALLOC 0
#define malloc rpl_malloc
#define RETSIGTYPE void
#define HAVE_DECL_STRERROR_R 0
#define HAVE_STRERROR_R 1
#define HAVE_STRFTIME 1
#define HAVE_CLOCK_GETTIME 1
#define HAVE_GETHOSTNAME 1
#define HAVE_GETTIMEOFDAY 1
#define HAVE_MEMMOVE 1
#define HAVE_MEMSET 1
#define HAVE_SOCKET 1
#define HAVE_STRCHR 1
#define HAVE_STRERROR 1
#define HAVE_STRTOL 1

configure: exit 0
